[2026-07-04T23:55:20.399Z] GET http://localhost:3000/?t=1794377144 → pending (?ms, ?B)
[2026-07-04T23:55:20.511Z] GET https://fonts.googleapis.com/css2?family=DM+Mono:wght@400;500&family=JetBrains+Mono:wght@500;700;800&family=Plus+Jakarta+Sans:wght@500;600;700;800&family=Barlow+Condensed:ital,wght@0,600;0,700;0,800;0,900;1,700&family=Source+Sans+3:wght@300;400;500;600;700&family=Anton&family=Rajdhani:wght@600;700&family=Poppins:wght@400;500;600;700;800&family=Inter:wght@400;500;600;700&display=swap → pending (?ms, ?B)
[2026-07-04T23:55:20.571Z] GET https://cdn.jsdelivr.net/npm/chart.js@4.4.0/dist/chart.umd.min.js → pending (?ms, ?B)
[2026-07-04T23:55:20.571Z] GET https://cdn.jsdelivr.net/npm/marked@12.0.0/marked.min.js → pending (?ms, ?B)
[2026-07-04T23:55:20.572Z] GET http://localhost:3000/assets/pariscore-logo.svg → pending (?ms, ?B)
[2026-07-04T23:55:20.572Z] GET http://localhost:3000/assets/icons/rg-badge-hero.svg → 200 (30ms, 1366B)
[2026-07-04T23:55:20.572Z] GET http://localhost:3000/pariscore.js?v=250625-34 → 200 (164ms, 472801B)
[2026-07-04T23:55:23.872Z] GET http://localhost:3000/locales/fr.json → 200 (211ms, 57363B)
[2026-07-04T23:55:23.872Z] GET http://localhost:3000/assets/logo-wc2026.png → 200 (1ms, 5812B)
[2026-07-04T23:55:24.082Z] GET https://fonts.gstatic.com/s/dmmono/v16/aFTU7PB1QTsUX8KYthqQBA.woff2 → pending (?ms, ?B)
[2026-07-04T23:55:24.082Z] GET https://fonts.gstatic.com/s/poppins/v24/pxiByp8kv8JHgFVrLDD4Z1xlFQ.woff2 → pending (?ms, ?B)
[2026-07-04T23:55:24.083Z] GET https://fonts.gstatic.com/s/inter/v20/UcC73FwrK3iLTeHuS_nVMrMxCp50SjIa1ZL7.woff2 → pending (?ms, ?B)
[2026-07-04T23:55:24.083Z] GET https://fonts.gstatic.com/s/dmmono/v16/aFTR7PB1QTsUX8KYvumzEYOtbQ.woff2 → pending (?ms, ?B)
[2026-07-04T23:55:24.083Z] GET https://fonts.gstatic.com/s/poppins/v24/pxiByp8kv8JHgFVrLCz7Z1xlFQ.woff2 → pending (?ms, ?B)
[2026-07-04T23:55:24.390Z] GET https://fonts.gstatic.com/s/inter/v20/UcC73FwrK3iLTeHuS_nVMrMxCp50SjIa1pL7SUc.woff2 → pending (?ms, ?B)
[2026-07-04T23:55:24.481Z] GET http://localhost:3000/assets/tennis-logos/map.json → 200 (18ms, 325B)
[2026-07-04T23:55:24.485Z] POST http://localhost:3000/api/v1/clientside-error → 204 (16ms, ?B)
[2026-07-04T23:55:24.610Z] GET http://localhost:3000/api/v1/tennis/player-photos → 200 (9ms, 6717B)
[2026-07-04T23:55:24.610Z] GET http://localhost:3000/api/v1/top-matches?timeframe=today&limit=10 → 200 (9ms, 61204B)
[2026-07-04T23:55:24.610Z] GET http://localhost:3000/api/v1/accuracy/public → 200 (126ms, 28184B)
[2026-07-04T23:55:24.610Z] GET http://localhost:3000/api/v1/affiliates → 200 (127ms, 534B)
[2026-07-04T23:55:24.610Z] GET http://localhost:3000/api/v1/forecasts/tennis/trending?limit=10 → 200 (127ms, 2941B)
[2026-07-04T23:55:24.611Z] GET http://localhost:3000/leagues_config.json → 200 (127ms, 3240B)
[2026-07-04T23:55:24.860Z] GET https://fonts.gstatic.com/s/poppins/v24/pxiEyp8kv8JHgFVrJJfecg.woff2 → 200 (215ms, 8001B)
[2026-07-04T23:55:24.907Z] GET https://crests.football-data.org/PL.png → 200 (378ms, 4564B)
[2026-07-04T23:55:24.908Z] GET https://crests.football-data.org/PD.png → 200 (459ms, 6188B)
[2026-07-04T23:55:24.908Z] GET https://crests.football-data.org/SA.png → 200 (379ms, 5291B)
[2026-07-04T23:55:24.908Z] GET https://crests.football-data.org/BL1.png → 200 (463ms, 3163B)
[2026-07-04T23:55:24.908Z] GET https://crests.football-data.org/FL1.png → 200 (449ms, 4981B)
[2026-07-04T23:55:24.908Z] GET https://crests.football-data.org/CL.png → 200 (461ms, 3964B)
[2026-07-04T23:55:24.908Z] GET https://crests.football-data.org/EL.png → 200 (466ms, 5872B)
[2026-07-04T23:55:24.908Z] GET https://media.api-sports.io/football/leagues/1.png → 200 (376ms, 91139B)
[2026-07-04T23:55:25.945Z] GET http://localhost:3000/?t=1794377144 → 200 (121ms, -843B)
[2026-07-04T23:55:26.092Z] GET https://fonts.googleapis.com/css2?family=DM+Mono:wght@400;500&family=JetBrains+Mono:wght@500;700;800&family=Plus+Jakarta+Sans:wght@500;600;700;800&family=Barlow+Condensed:ital,wght@0,600;0,700;0,800;0,900;1,700&family=Source+Sans+3:wght@300;400;500;600;700&family=Anton&family=Rajdhani:wght@600;700&family=Poppins:wght@400;500;600;700;800&family=Inter:wght@400;500;600;700&display=swap → 200 (1ms, -698B)
[2026-07-04T23:55:26.175Z] GET https://cdn.jsdelivr.net/npm/chart.js@4.4.0/dist/chart.umd.min.js → 200 (22ms, -671B)
[2026-07-04T23:55:26.175Z] GET https://cdn.jsdelivr.net/npm/marked@12.0.0/marked.min.js → 200 (13ms, -671B)
[2026-07-04T23:55:26.179Z] GET http://localhost:3000/assets/pariscore-logo.svg → 200 (32ms, -358B)
[2026-07-04T23:55:26.188Z] GET http://localhost:3000/assets/icons/rg-badge-hero.svg → 200 (14ms, -358B)
[2026-07-04T23:55:26.248Z] GET http://localhost:3000/locales/fr.json → 200 (37ms, ?B)
[2026-07-04T23:55:26.248Z] GET http://localhost:3000/assets/logo-wc2026.png → 200 (2ms, -218B)
[2026-07-04T23:55:26.369Z] GET https://fonts.gstatic.com/s/dmmono/v16/aFTU7PB1QTsUX8KYthqQBA.woff2 → 200 (1ms, -815B)
[2026-07-04T23:55:26.369Z] GET https://fonts.gstatic.com/s/poppins/v24/pxiByp8kv8JHgFVrLDD4Z1xlFQ.woff2 → 200 (2ms, -814B)
[2026-07-04T23:55:26.369Z] GET https://fonts.gstatic.com/s/inter/v20/UcC73FwrK3iLTeHuS_nVMrMxCp50SjIa1ZL7.woff2 → 200 (3ms, -814B)
[2026-07-04T23:55:26.369Z] GET https://fonts.gstatic.com/s/dmmono/v16/aFTR7PB1QTsUX8KYvumzEYOtbQ.woff2 → 200 (4ms, -815B)
[2026-07-04T23:55:26.369Z] GET https://fonts.gstatic.com/s/poppins/v24/pxiByp8kv8JHgFVrLCz7Z1xlFQ.woff2 → 200 (5ms, -814B)
[2026-07-04T23:55:26.713Z] GET http://localhost:3000/pariscore.js?v=250625-34 → 200 (375ms, -367B)
[2026-07-04T23:55:26.830Z] GET https://fonts.gstatic.com/s/inter/v20/UcC73FwrK3iLTeHuS_nVMrMxCp50SjIa1pL7SUc.woff2 → 200 (1ms, -815B)
[2026-07-04T23:55:27.096Z] GET http://localhost:3000/assets/tennis-logos/map.json → 200 (14ms, -361B)
[2026-07-04T23:55:27.110Z] POST http://localhost:3000/api/v1/clientside-error → 204 (116ms, ?B)
[2026-07-04T23:55:27.162Z] GET http://localhost:3000/api/v1/tennis/player-photos → 200 (65ms, 6717B)
[2026-07-04T23:55:27.162Z] GET http://localhost:3000/leagues_config.json → 200 (66ms, -361B)
[2026-07-04T23:55:27.268Z] GET https://crests.football-data.org/PL.png → 200 (12ms, -294B)
[2026-07-04T23:55:27.269Z] GET https://crests.football-data.org/PD.png → 200 (15ms, -294B)
[2026-07-04T23:55:27.269Z] GET https://crests.football-data.org/SA.png → 200 (15ms, -294B)
[2026-07-04T23:55:27.270Z] GET https://crests.football-data.org/BL1.png → 200 (15ms, -293B)
[2026-07-04T23:55:27.270Z] GET https://crests.football-data.org/FL1.png → 200 (16ms, -294B)
[2026-07-04T23:55:27.270Z] GET https://crests.football-data.org/CL.png → 200 (17ms, -293B)
[2026-07-04T23:55:27.270Z] GET https://crests.football-data.org/EL.png → 200 (18ms, -294B)
[2026-07-04T23:55:27.270Z] GET https://media.api-sports.io/football/leagues/1.png → 200 (21ms, -982B)
[2026-07-04T23:55:32.094Z] GET http://localhost:3000/api/v1/tennis/rg-live-stream → 200 (5ms, ?B)
[2026-07-05T00:02:34.100Z] GET http://localhost:3000/ → pending (?ms, ?B)
[2026-07-05T00:02:37.532Z] GET https://fonts.googleapis.com/css2?family=DM+Mono:wght@400;500&family=JetBrains+Mono:wght@500;700;800&family=Plus+Jakarta+Sans:wght@500;600;700;800&family=Barlow+Condensed:ital,wght@0,600;0,700;0,800;0,900;1,700&family=Source+Sans+3:wght@300;400;500;600;700&family=Anton&family=Rajdhani:wght@600;700&family=Poppins:wght@400;500;600;700;800&family=Inter:wght@400;500;600;700&display=swap → 200 (?ms, -698B)
[2026-07-05T00:02:37.611Z] GET https://cdn.jsdelivr.net/npm/chart.js@4.4.0/dist/chart.umd.min.js → 200 (2ms, -671B)
[2026-07-05T00:02:37.614Z] GET https://cdn.jsdelivr.net/npm/marked@12.0.0/marked.min.js → 200 (?ms, -671B)
[2026-07-05T00:02:37.623Z] GET http://localhost:3000/locales/fr.json → 200 (78ms, -361B)
[2026-07-05T00:02:37.633Z] GET http://localhost:3000/assets/logo-wc2026.png → 200 (?ms, -218B)
[2026-07-05T00:02:37.633Z] GET http://localhost:3000/assets/pariscore-logo.svg → 200 (2ms, -358B)
[2026-07-05T00:02:37.691Z] GET https://fonts.gstatic.com/s/dmmono/v16/aFTU7PB1QTsUX8KYthqQBA.woff2 → 200 (4ms, -815B)
[2026-07-05T00:02:37.695Z] GET https://fonts.gstatic.com/s/dmmono/v16/aFTR7PB1QTsUX8KYvumzEYOtbQ.woff2 → 200 (?ms, -815B)
[2026-07-05T00:02:37.696Z] GET https://fonts.gstatic.com/s/inter/v20/UcC73FwrK3iLTeHuS_nVMrMxCp50SjIa1pL7SUc.woff2 → 200 (?ms, -815B)
[2026-07-05T00:02:37.697Z] GET https://fonts.gstatic.com/s/inter/v20/UcC73FwrK3iLTeHuS_nVMrMxCp50SjIa1ZL7.woff2 → 200 (?ms, -814B)
[2026-07-05T00:02:37.697Z] GET https://fonts.gstatic.com/s/poppins/v24/pxiByp8kv8JHgFVrLCz7Z1xlFQ.woff2 → 200 (1ms, -814B)
[2026-07-05T00:02:37.698Z] GET https://fonts.gstatic.com/s/poppins/v24/pxiByp8kv8JHgFVrLDD4Z1xlFQ.woff2 → 200 (3ms, -814B)
[2026-07-05T00:02:37.721Z] GET http://localhost:3000/assets/icons/rg-badge-hero.svg → 200 (7ms, -358B)
[2026-07-05T00:02:37.914Z] GET http://localhost:3000/pariscore.js?v=250625-34 → 200 (159ms, -367B)
[2026-07-05T00:02:38.142Z] GET http://localhost:3000/assets/tennis-logos/map.json → pending (?ms, ?B)
[2026-07-05T00:02:38.159Z] POST http://localhost:3000/api/v1/clientside-error → 204 (107ms, ?B)
[2026-07-05T00:02:38.211Z] GET http://localhost:3000/api/v1/tennis/player-photos → 200 (55ms, 6717B)
[2026-07-05T00:02:38.211Z] GET http://localhost:3000/leagues_config.json → 200 (57ms, -361B)
[2026-07-05T00:02:38.319Z] GET https://crests.football-data.org/PL.png → 200 (?ms, -294B)
[2026-07-05T00:02:38.320Z] GET https://crests.football-data.org/PD.png → 200 (?ms, -294B)
[2026-07-05T00:02:38.322Z] GET https://crests.football-data.org/SA.png → 200 (?ms, -294B)
[2026-07-05T00:02:38.327Z] GET https://crests.football-data.org/BL1.png → 200 (?ms, -293B)
[2026-07-05T00:02:38.328Z] GET https://crests.football-data.org/FL1.png → 200 (?ms, -294B)
[2026-07-05T00:02:38.329Z] GET https://crests.football-data.org/CL.png → 200 (?ms, -293B)
[2026-07-05T00:02:38.330Z] GET https://crests.football-data.org/EL.png → 200 (?ms, -294B)
[2026-07-05T00:02:38.331Z] GET https://media.api-sports.io/football/leagues/1.png → 200 (1ms, -982B)
[2026-07-05T00:02:43.087Z] GET http://localhost:3000/api/v1/tennis/rg-live-stream → 200 (6ms, ?B)
[2026-07-05T00:10:34.434Z] GET http://localhost:3000/api/v1/tennis/rg-live-stream → pending (?ms, ?B)
[2026-07-05T00:10:39.784Z] GET http://localhost:3000/api/v1/tennis/rg-live-stream → pending (?ms, ?B)
[2026-07-05T00:10:45.139Z] GET http://localhost:3000/api/v1/tennis/rg-live-stream → pending (?ms, ?B)
[2026-07-05T00:10:50.490Z] GET http://localhost:3000/api/v1/tennis/rg-live-stream → pending (?ms, ?B)
[2026-07-05T00:10:55.847Z] GET http://localhost:3000/api/v1/tennis/rg-live-stream → pending (?ms, ?B)
[2026-07-05T00:11:01.190Z] GET http://localhost:3000/api/v1/tennis/rg-live-stream → pending (?ms, ?B)
[2026-07-05T00:11:06.547Z] GET http://localhost:3000/api/v1/tennis/rg-live-stream → pending (?ms, ?B)
[2026-07-05T00:11:11.906Z] GET http://localhost:3000/api/v1/tennis/rg-live-stream → pending (?ms, ?B)
[2026-07-05T00:11:17.256Z] GET http://localhost:3000/api/v1/tennis/rg-live-stream → pending (?ms, ?B)
[2026-07-05T00:11:22.610Z] GET http://localhost:3000/api/v1/tennis/rg-live-stream → pending (?ms, ?B)
[2026-07-05T00:11:27.951Z] GET http://localhost:3000/api/v1/tennis/rg-live-stream → pending (?ms, ?B)
[2026-07-05T00:11:33.285Z] GET http://localhost:3000/api/v1/tennis/rg-live-stream → pending (?ms, ?B)
[2026-07-05T00:11:38.639Z] GET http://localhost:3000/api/v1/tennis/rg-live-stream → pending (?ms, ?B)
[2026-07-05T00:11:44.020Z] GET http://localhost:3000/api/v1/tennis/rg-live-stream → pending (?ms, ?B)
[2026-07-05T00:11:49.380Z] GET http://localhost:3000/api/v1/tennis/rg-live-stream → pending (?ms, ?B)
[2026-07-05T00:11:54.732Z] GET http://localhost:3000/api/v1/tennis/rg-live-stream → pending (?ms, ?B)
[2026-07-05T00:12:00.090Z] GET http://localhost:3000/api/v1/tennis/rg-live-stream → pending (?ms, ?B)
[2026-07-05T00:12:05.437Z] GET http://localhost:3000/api/v1/tennis/rg-live-stream → pending (?ms, ?B)
[2026-07-05T00:12:10.771Z] GET http://localhost:3000/api/v1/tennis/rg-live-stream → pending (?ms, ?B)
[2026-07-05T00:12:16.113Z] GET http://localhost:3000/api/v1/tennis/rg-live-stream → pending (?ms, ?B)
[2026-07-05T00:12:21.453Z] GET http://localhost:3000/api/v1/tennis/rg-live-stream → pending (?ms, ?B)
[2026-07-05T00:12:26.814Z] GET http://localhost:3000/api/v1/tennis/rg-live-stream → pending (?ms, ?B)
[2026-07-05T00:12:32.154Z] GET http://localhost:3000/api/v1/tennis/rg-live-stream → pending (?ms, ?B)
[2026-07-05T00:12:37.516Z] GET http://localhost:3000/api/v1/tennis/rg-live-stream → pending (?ms, ?B)
[2026-07-05T00:12:42.847Z] GET http://localhost:3000/api/v1/tennis/rg-live-stream → pending (?ms, ?B)
[2026-07-05T00:12:48.204Z] GET http://localhost:3000/api/v1/tennis/rg-live-stream → pending (?ms, ?B)
[2026-07-05T00:12:53.551Z] GET http://localhost:3000/api/v1/tennis/rg-live-stream → pending (?ms, ?B)
[2026-07-05T00:12:58.881Z] GET http://localhost:3000/api/v1/tennis/rg-live-stream → pending (?ms, ?B)
[2026-07-05T00:13:04.232Z] GET http://localhost:3000/api/v1/tennis/rg-live-stream → pending (?ms, ?B)
[2026-07-05T00:13:09.585Z] GET http://localhost:3000/api/v1/tennis/rg-live-stream → pending (?ms, ?B)
[2026-07-05T00:13:14.943Z] GET http://localhost:3000/api/v1/tennis/rg-live-stream → pending (?ms, ?B)
[2026-07-05T00:13:20.300Z] GET http://localhost:3000/api/v1/tennis/rg-live-stream → pending (?ms, ?B)
[2026-07-05T00:13:25.651Z] GET http://localhost:3000/api/v1/tennis/rg-live-stream → pending (?ms, ?B)
[2026-07-05T00:13:30.983Z] GET http://localhost:3000/api/v1/tennis/rg-live-stream → pending (?ms, ?B)
[2026-07-05T00:13:36.318Z] GET http://localhost:3000/api/v1/tennis/rg-live-stream → pending (?ms, ?B)
[2026-07-05T00:13:41.667Z] GET http://localhost:3000/api/v1/tennis/rg-live-stream → pending (?ms, ?B)
[2026-07-05T00:13:47.013Z] GET http://localhost:3000/api/v1/tennis/rg-live-stream → pending (?ms, ?B)
[2026-07-05T00:13:52.355Z] GET http://localhost:3000/api/v1/tennis/rg-live-stream → pending (?ms, ?B)
[2026-07-05T00:13:57.709Z] GET http://localhost:3000/api/v1/tennis/rg-live-stream → pending (?ms, ?B)
[2026-07-05T00:14:03.056Z] GET http://localhost:3000/api/v1/tennis/rg-live-stream → pending (?ms, ?B)
[2026-07-05T00:14:08.397Z] GET http://localhost:3000/api/v1/tennis/rg-live-stream → pending (?ms, ?B)
[2026-07-05T00:14:13.766Z] GET http://localhost:3000/api/v1/tennis/rg-live-stream → pending (?ms, ?B)
[2026-07-05T00:14:19.091Z] GET http://localhost:3000/api/v1/tennis/rg-live-stream → pending (?ms, ?B)
[2026-07-05T00:14:24.432Z] GET http://localhost:3000/api/v1/tennis/rg-live-stream → pending (?ms, ?B)
[2026-07-05T00:14:29.781Z] GET http://localhost:3000/api/v1/tennis/rg-live-stream → pending (?ms, ?B)
[2026-07-05T00:14:35.139Z] GET http://localhost:3000/api/v1/tennis/rg-live-stream → pending (?ms, ?B)
[2026-07-05T00:14:40.480Z] GET http://localhost:3000/api/v1/tennis/rg-live-stream → pending (?ms, ?B)
[2026-07-05T00:14:45.850Z] GET http://localhost:3000/api/v1/tennis/rg-live-stream → pending (?ms, ?B)
[2026-07-05T00:14:51.198Z] GET http://localhost:3000/api/v1/tennis/rg-live-stream → pending (?ms, ?B)
[2026-07-05T00:14:56.542Z] GET http://localhost:3000/api/v1/tennis/rg-live-stream → pending (?ms, ?B)
[2026-07-05T00:15:01.899Z] GET http://localhost:3000/api/v1/tennis/rg-live-stream → pending (?ms, ?B)
[2026-07-05T00:15:07.249Z] GET http://localhost:3000/api/v1/tennis/rg-live-stream → pending (?ms, ?B)
[2026-07-05T00:15:12.613Z] GET http://localhost:3000/api/v1/tennis/rg-live-stream → pending (?ms, ?B)
[2026-07-05T00:15:17.980Z] GET http://localhost:3000/api/v1/tennis/rg-live-stream → pending (?ms, ?B)
[2026-07-05T00:15:23.362Z] GET http://localhost:3000/api/v1/tennis/rg-live-stream → pending (?ms, ?B)
[2026-07-05T00:15:28.694Z] GET http://localhost:3000/api/v1/tennis/rg-live-stream → pending (?ms, ?B)
[2026-07-05T00:15:34.033Z] GET http://localhost:3000/api/v1/tennis/rg-live-stream → pending (?ms, ?B)
[2026-07-05T00:15:39.391Z] GET http://localhost:3000/api/v1/tennis/rg-live-stream → pending (?ms, ?B)
[2026-07-05T00:15:44.729Z] GET http://localhost:3000/api/v1/tennis/rg-live-stream → pending (?ms, ?B)
[2026-07-05T00:15:50.074Z] GET http://localhost:3000/api/v1/tennis/rg-live-stream → pending (?ms, ?B)
[2026-07-05T00:15:55.418Z] GET http://localhost:3000/api/v1/tennis/rg-live-stream → pending (?ms, ?B)
[2026-07-05T00:16:00.768Z] GET http://localhost:3000/api/v1/tennis/rg-live-stream → pending (?ms, ?B)
[2026-07-05T00:16:06.120Z] GET http://localhost:3000/api/v1/tennis/rg-live-stream → pending (?ms, ?B)
[2026-07-05T00:16:11.460Z] GET http://localhost:3000/api/v1/tennis/rg-live-stream → pending (?ms, ?B)
[2026-07-05T00:16:16.800Z] GET http://localhost:3000/api/v1/tennis/rg-live-stream → pending (?ms, ?B)
[2026-07-05T00:16:22.160Z] GET http://localhost:3000/api/v1/tennis/rg-live-stream → pending (?ms, ?B)
[2026-07-05T00:16:27.528Z] GET http://localhost:3000/api/v1/tennis/rg-live-stream → pending (?ms, ?B)
[2026-07-05T00:16:32.897Z] GET http://localhost:3000/api/v1/tennis/rg-live-stream → pending (?ms, ?B)
[2026-07-05T00:16:38.231Z] GET http://localhost:3000/api/v1/tennis/rg-live-stream → pending (?ms, ?B)
[2026-07-05T00:16:43.582Z] GET http://localhost:3000/api/v1/tennis/rg-live-stream → pending (?ms, ?B)
[2026-07-05T00:16:48.937Z] GET http://localhost:3000/api/v1/tennis/rg-live-stream → pending (?ms, ?B)
[2026-07-05T00:16:54.286Z] GET http://localhost:3000/api/v1/tennis/rg-live-stream → pending (?ms, ?B)
[2026-07-05T00:16:59.637Z] GET http://localhost:3000/api/v1/tennis/rg-live-stream → pending (?ms, ?B)
[2026-07-05T00:17:04.995Z] GET http://localhost:3000/api/v1/tennis/rg-live-stream → pending (?ms, ?B)
[2026-07-05T00:17:10.336Z] GET http://localhost:3000/api/v1/tennis/rg-live-stream → pending (?ms, ?B)
[2026-07-05T00:17:15.692Z] GET http://localhost:3000/api/v1/tennis/rg-live-stream → pending (?ms, ?B)
[2026-07-05T00:17:21.054Z] GET http://localhost:3000/api/v1/tennis/rg-live-stream → pending (?ms, ?B)
[2026-07-05T00:17:26.398Z] GET http://localhost:3000/api/v1/tennis/rg-live-stream → pending (?ms, ?B)
[2026-07-05T00:17:31.741Z] GET http://localhost:3000/api/v1/tennis/rg-live-stream → pending (?ms, ?B)
[2026-07-05T00:17:37.061Z] GET http://localhost:3000/api/v1/tennis/rg-live-stream → pending (?ms, ?B)
[2026-07-05T00:17:42.407Z] GET http://localhost:3000/api/v1/tennis/rg-live-stream → pending (?ms, ?B)
[2026-07-05T00:17:47.757Z] GET http://localhost:3000/api/v1/tennis/rg-live-stream → pending (?ms, ?B)
[2026-07-05T00:17:53.107Z] GET http://localhost:3000/api/v1/tennis/rg-live-stream → pending (?ms, ?B)
[2026-07-05T00:17:58.450Z] GET http://localhost:3000/api/v1/tennis/rg-live-stream → pending (?ms, ?B)
[2026-07-05T00:18:03.809Z] GET http://localhost:3000/api/v1/tennis/rg-live-stream → pending (?ms, ?B)
[2026-07-05T00:18:09.163Z] GET http://localhost:3000/api/v1/tennis/rg-live-stream → pending (?ms, ?B)
[2026-07-05T00:18:14.505Z] GET http://localhost:3000/api/v1/tennis/rg-live-stream → pending (?ms, ?B)
[2026-07-05T00:18:19.866Z] GET http://localhost:3000/api/v1/tennis/rg-live-stream → pending (?ms, ?B)
[2026-07-05T00:18:25.221Z] GET http://localhost:3000/api/v1/tennis/rg-live-stream → pending (?ms, ?B)
[2026-07-05T00:18:30.554Z] GET http://localhost:3000/api/v1/tennis/rg-live-stream → pending (?ms, ?B)
[2026-07-05T00:18:35.908Z] GET http://localhost:3000/api/v1/tennis/rg-live-stream → pending (?ms, ?B)
[2026-07-05T00:18:41.251Z] GET http://localhost:3000/api/v1/tennis/rg-live-stream → pending (?ms, ?B)
[2026-07-05T00:18:46.599Z] GET http://localhost:3000/api/v1/tennis/rg-live-stream → pending (?ms, ?B)
[2026-07-05T00:18:51.980Z] GET http://localhost:3000/api/v1/tennis/rg-live-stream → pending (?ms, ?B)
[2026-07-05T00:18:57.317Z] GET http://localhost:3000/api/v1/tennis/rg-live-stream → pending (?ms, ?B)
[2026-07-05T00:19:02.687Z] GET http://localhost:3000/api/v1/tennis/rg-live-stream → pending (?ms, ?B)
[2026-07-05T00:19:08.035Z] GET http://localhost:3000/api/v1/tennis/rg-live-stream → pending (?ms, ?B)
[2026-07-05T00:19:13.365Z] GET http://localhost:3000/api/v1/tennis/rg-live-stream → pending (?ms, ?B)
[2026-07-05T00:19:18.719Z] GET http://localhost:3000/api/v1/tennis/rg-live-stream → pending (?ms, ?B)
[2026-07-05T00:19:24.061Z] GET http://localhost:3000/api/v1/tennis/rg-live-stream → pending (?ms, ?B)
[2026-07-05T00:19:29.413Z] GET http://localhost:3000/api/v1/tennis/rg-live-stream → pending (?ms, ?B)
[2026-07-05T00:19:34.756Z] GET http://localhost:3000/api/v1/tennis/rg-live-stream → pending (?ms, ?B)
[2026-07-05T00:19:40.081Z] GET http://localhost:3000/api/v1/tennis/rg-live-stream → pending (?ms, ?B)
[2026-07-05T00:19:45.453Z] GET http://localhost:3000/api/v1/tennis/rg-live-stream → pending (?ms, ?B)
[2026-07-05T00:19:50.790Z] GET http://localhost:3000/api/v1/tennis/rg-live-stream → pending (?ms, ?B)
[2026-07-05T00:19:56.121Z] GET http://localhost:3000/api/v1/tennis/rg-live-stream → pending (?ms, ?B)
[2026-07-05T00:20:01.468Z] GET http://localhost:3000/api/v1/tennis/rg-live-stream → pending (?ms, ?B)
[2026-07-05T00:20:06.814Z] GET http://localhost:3000/api/v1/tennis/rg-live-stream → pending (?ms, ?B)
[2026-07-05T00:20:12.167Z] GET http://localhost:3000/api/v1/tennis/rg-live-stream → pending (?ms, ?B)
[2026-07-05T00:20:17.518Z] GET http://localhost:3000/api/v1/tennis/rg-live-stream → pending (?ms, ?B)
[2026-07-05T00:20:22.865Z] GET http://localhost:3000/api/v1/tennis/rg-live-stream → pending (?ms, ?B)
[2026-07-05T00:20:28.228Z] GET http://localhost:3000/api/v1/tennis/rg-live-stream → pending (?ms, ?B)
[2026-07-05T00:20:33.601Z] GET http://localhost:3000/api/v1/tennis/rg-live-stream → pending (?ms, ?B)
[2026-07-05T00:20:38.937Z] GET http://localhost:3000/api/v1/tennis/rg-live-stream → pending (?ms, ?B)
[2026-07-05T00:20:44.272Z] GET http://localhost:3000/api/v1/tennis/rg-live-stream → pending (?ms, ?B)
[2026-07-05T00:20:49.613Z] GET http://localhost:3000/api/v1/tennis/rg-live-stream → pending (?ms, ?B)
[2026-07-05T00:20:54.947Z] GET http://localhost:3000/api/v1/tennis/rg-live-stream → pending (?ms, ?B)
[2026-07-05T00:21:00.301Z] GET http://localhost:3000/api/v1/tennis/rg-live-stream → pending (?ms, ?B)
[2026-07-05T00:21:05.633Z] GET http://localhost:3000/api/v1/tennis/rg-live-stream → pending (?ms, ?B)
[2026-07-05T00:21:10.997Z] GET http://localhost:3000/api/v1/tennis/rg-live-stream → pending (?ms, ?B)
[2026-07-05T00:21:16.366Z] GET http://localhost:3000/api/v1/tennis/rg-live-stream → pending (?ms, ?B)
[2026-07-05T00:21:21.729Z] GET http://localhost:3000/api/v1/tennis/rg-live-stream → pending (?ms, ?B)
[2026-07-05T00:21:27.082Z] GET http://localhost:3000/api/v1/tennis/rg-live-stream → pending (?ms, ?B)
[2026-07-05T00:21:32.426Z] GET http://localhost:3000/api/v1/tennis/rg-live-stream → pending (?ms, ?B)
[2026-07-05T00:21:37.757Z] GET http://localhost:3000/api/v1/tennis/rg-live-stream → pending (?ms, ?B)
[2026-07-05T00:21:43.080Z] GET http://localhost:3000/api/v1/tennis/rg-live-stream → pending (?ms, ?B)
[2026-07-05T00:21:48.436Z] GET http://localhost:3000/api/v1/tennis/rg-live-stream → pending (?ms, ?B)
[2026-07-05T00:21:53.780Z] GET http://localhost:3000/api/v1/tennis/rg-live-stream → pending (?ms, ?B)
[2026-07-05T00:21:59.130Z] GET http://localhost:3000/api/v1/tennis/rg-live-stream → pending (?ms, ?B)
[2026-07-05T00:22:04.514Z] GET http://localhost:3000/api/v1/tennis/rg-live-stream → pending (?ms, ?B)
[2026-07-05T00:22:09.863Z] GET http://localhost:3000/api/v1/tennis/rg-live-stream → pending (?ms, ?B)
[2026-07-05T00:22:15.205Z] GET http://localhost:3000/api/v1/tennis/rg-live-stream → pending (?ms, ?B)
[2026-07-05T00:22:21.024Z] GET http://localhost:3000/api/v1/tennis/rg-live-stream → pending (?ms, ?B)
[2026-07-05T00:22:25.926Z] GET http://localhost:3000/api/v1/tennis/rg-live-stream → pending (?ms, ?B)
[2026-07-05T00:22:31.263Z] GET http://localhost:3000/api/v1/tennis/rg-live-stream → pending (?ms, ?B)
[2026-07-05T00:22:36.612Z] GET http://localhost:3000/api/v1/tennis/rg-live-stream → pending (?ms, ?B)
[2026-07-05T00:22:41.961Z] GET http://localhost:3000/api/v1/tennis/rg-live-stream → pending (?ms, ?B)
[2026-07-05T00:22:47.320Z] GET http://localhost:3000/api/v1/tennis/rg-live-stream → pending (?ms, ?B)
[2026-07-05T00:22:52.652Z] GET http://localhost:3000/api/v1/tennis/rg-live-stream → pending (?ms, ?B)
[2026-07-05T00:22:58.004Z] GET http://localhost:3000/api/v1/tennis/rg-live-stream → pending (?ms, ?B)
[2026-07-05T00:23:03.357Z] GET http://localhost:3000/api/v1/tennis/rg-live-stream → pending (?ms, ?B)
[2026-07-05T00:23:08.727Z] GET http://localhost:3000/api/v1/tennis/rg-live-stream → pending (?ms, ?B)
[2026-07-05T00:23:14.074Z] GET http://localhost:3000/api/v1/tennis/rg-live-stream → pending (?ms, ?B)
[2026-07-05T00:23:19.431Z] GET http://localhost:3000/api/v1/tennis/rg-live-stream → pending (?ms, ?B)
[2026-07-05T00:23:24.776Z] GET http://localhost:3000/api/v1/tennis/rg-live-stream → pending (?ms, ?B)
[2026-07-05T00:23:30.102Z] GET http://localhost:3000/api/v1/tennis/rg-live-stream → pending (?ms, ?B)
[2026-07-05T00:23:35.441Z] GET http://localhost:3000/api/v1/tennis/rg-live-stream → pending (?ms, ?B)
[2026-07-05T00:23:40.786Z] GET http://localhost:3000/api/v1/tennis/rg-live-stream → pending (?ms, ?B)
[2026-07-05T00:23:46.111Z] GET http://localhost:3000/api/v1/tennis/rg-live-stream → pending (?ms, ?B)
[2026-07-05T00:23:51.461Z] GET http://localhost:3000/api/v1/tennis/rg-live-stream → pending (?ms, ?B)
[2026-07-05T00:23:56.808Z] GET http://localhost:3000/api/v1/tennis/rg-live-stream → pending (?ms, ?B)
[2026-07-05T00:24:02.138Z] GET http://localhost:3000/api/v1/tennis/rg-live-stream → pending (?ms, ?B)
[2026-07-05T00:24:07.491Z] GET http://localhost:3000/api/v1/tennis/rg-live-stream → pending (?ms, ?B)
[2026-07-05T00:24:12.841Z] GET http://localhost:3000/api/v1/tennis/rg-live-stream → pending (?ms, ?B)
[2026-07-05T00:24:18.177Z] GET http://localhost:3000/api/v1/tennis/rg-live-stream → pending (?ms, ?B)
[2026-07-05T00:24:23.515Z] GET http://localhost:3000/api/v1/tennis/rg-live-stream → pending (?ms, ?B)
[2026-07-05T00:24:28.850Z] GET http://localhost:3000/api/v1/tennis/rg-live-stream → pending (?ms, ?B)
[2026-07-05T00:24:34.178Z] GET http://localhost:3000/api/v1/tennis/rg-live-stream → pending (?ms, ?B)
[2026-07-05T00:24:39.529Z] GET http://localhost:3000/api/v1/tennis/rg-live-stream → pending (?ms, ?B)
[2026-07-05T00:24:44.866Z] GET http://localhost:3000/api/v1/tennis/rg-live-stream → pending (?ms, ?B)
[2026-07-05T00:24:50.225Z] GET http://localhost:3000/api/v1/tennis/rg-live-stream → pending (?ms, ?B)
[2026-07-05T00:24:55.570Z] GET http://localhost:3000/api/v1/tennis/rg-live-stream → pending (?ms, ?B)
[2026-07-05T00:25:00.908Z] GET http://localhost:3000/api/v1/tennis/rg-live-stream → pending (?ms, ?B)
[2026-07-05T00:25:06.285Z] GET http://localhost:3000/api/v1/tennis/rg-live-stream → pending (?ms, ?B)
[2026-07-05T00:25:11.637Z] GET http://localhost:3000/api/v1/tennis/rg-live-stream → pending (?ms, ?B)
[2026-07-05T00:25:16.981Z] GET http://localhost:3000/api/v1/tennis/rg-live-stream → pending (?ms, ?B)
[2026-07-05T00:25:22.333Z] GET http://localhost:3000/api/v1/tennis/rg-live-stream → pending (?ms, ?B)
[2026-07-05T00:25:27.672Z] GET http://localhost:3000/api/v1/tennis/rg-live-stream → pending (?ms, ?B)
[2026-07-05T00:25:32.996Z] GET http://localhost:3000/api/v1/tennis/rg-live-stream → pending (?ms, ?B)
[2026-07-05T00:25:38.338Z] GET http://localhost:3000/api/v1/tennis/rg-live-stream → pending (?ms, ?B)
[2026-07-05T00:25:43.671Z] GET http://localhost:3000/api/v1/tennis/rg-live-stream → pending (?ms, ?B)
[2026-07-05T00:25:49.017Z] GET http://localhost:3000/api/v1/tennis/rg-live-stream → pending (?ms, ?B)
[2026-07-05T00:25:54.364Z] GET http://localhost:3000/api/v1/tennis/rg-live-stream → pending (?ms, ?B)
[2026-07-05T00:25:59.722Z] GET http://localhost:3000/api/v1/tennis/rg-live-stream → pending (?ms, ?B)
[2026-07-05T00:26:05.051Z] GET http://localhost:3000/api/v1/tennis/rg-live-stream → pending (?ms, ?B)
[2026-07-05T00:26:10.415Z] GET http://localhost:3000/api/v1/tennis/rg-live-stream → pending (?ms, ?B)
[2026-07-05T00:26:15.759Z] GET http://localhost:3000/api/v1/tennis/rg-live-stream → pending (?ms, ?B)
[2026-07-05T00:26:21.106Z] GET http://localhost:3000/api/v1/tennis/rg-live-stream → pending (?ms, ?B)
[2026-07-05T00:26:26.448Z] GET http://localhost:3000/api/v1/tennis/rg-live-stream → pending (?ms, ?B)
[2026-07-05T00:26:31.792Z] GET http://localhost:3000/api/v1/tennis/rg-live-stream → pending (?ms, ?B)
[2026-07-05T00:26:37.150Z] GET http://localhost:3000/api/v1/tennis/rg-live-stream → pending (?ms, ?B)
[2026-07-05T00:26:42.497Z] GET http://localhost:3000/api/v1/tennis/rg-live-stream → pending (?ms, ?B)
[2026-07-05T00:26:47.838Z] GET http://localhost:3000/api/v1/tennis/rg-live-stream → pending (?ms, ?B)
[2026-07-05T00:26:53.179Z] GET http://localhost:3000/api/v1/tennis/rg-live-stream → pending (?ms, ?B)
[2026-07-05T00:26:58.536Z] GET http://localhost:3000/api/v1/tennis/rg-live-stream → pending (?ms, ?B)
[2026-07-05T00:27:03.868Z] GET http://localhost:3000/api/v1/tennis/rg-live-stream → pending (?ms, ?B)
[2026-07-05T00:27:09.211Z] GET http://localhost:3000/api/v1/tennis/rg-live-stream → pending (?ms, ?B)
[2026-07-05T00:27:14.549Z] GET http://localhost:3000/api/v1/tennis/rg-live-stream → pending (?ms, ?B)
[2026-07-05T00:27:19.900Z] GET http://localhost:3000/api/v1/tennis/rg-live-stream → pending (?ms, ?B)
[2026-07-05T00:27:25.267Z] GET http://localhost:3000/api/v1/tennis/rg-live-stream → pending (?ms, ?B)
[2026-07-05T00:27:30.595Z] GET http://localhost:3000/api/v1/tennis/rg-live-stream → pending (?ms, ?B)
[2026-07-05T00:27:35.934Z] GET http://localhost:3000/api/v1/tennis/rg-live-stream → pending (?ms, ?B)
[2026-07-05T00:27:41.299Z] GET http://localhost:3000/api/v1/tennis/rg-live-stream → pending (?ms, ?B)
[2026-07-05T00:27:46.633Z] GET http://localhost:3000/api/v1/tennis/rg-live-stream → pending (?ms, ?B)
[2026-07-05T00:27:51.979Z] GET http://localhost:3000/api/v1/tennis/rg-live-stream → pending (?ms, ?B)
[2026-07-05T00:27:57.316Z] GET http://localhost:3000/api/v1/tennis/rg-live-stream → pending (?ms, ?B)
[2026-07-05T00:28:02.649Z] GET http://localhost:3000/api/v1/tennis/rg-live-stream → pending (?ms, ?B)
[2026-07-05T00:28:08.001Z] GET http://localhost:3000/api/v1/tennis/rg-live-stream → pending (?ms, ?B)
[2026-07-05T00:28:13.318Z] GET http://localhost:3000/api/v1/tennis/rg-live-stream → pending (?ms, ?B)
[2026-07-05T00:28:18.662Z] GET http://localhost:3000/api/v1/tennis/rg-live-stream → pending (?ms, ?B)
[2026-07-05T00:28:24.002Z] GET http://localhost:3000/api/v1/tennis/rg-live-stream → pending (?ms, ?B)
[2026-07-05T00:28:29.348Z] GET http://localhost:3000/api/v1/tennis/rg-live-stream → pending (?ms, ?B)
[2026-07-05T00:28:34.682Z] GET http://localhost:3000/api/v1/tennis/rg-live-stream → pending (?ms, ?B)
[2026-07-05T00:28:40.014Z] GET http://localhost:3000/api/v1/tennis/rg-live-stream → pending (?ms, ?B)
[2026-07-05T00:28:45.364Z] GET http://localhost:3000/api/v1/tennis/rg-live-stream → pending (?ms, ?B)
[2026-07-05T00:28:50.713Z] GET http://localhost:3000/api/v1/tennis/rg-live-stream → pending (?ms, ?B)
[2026-07-05T00:28:56.096Z] GET http://localhost:3000/api/v1/tennis/rg-live-stream → pending (?ms, ?B)
[2026-07-05T00:29:01.442Z] GET http://localhost:3000/api/v1/tennis/rg-live-stream → pending (?ms, ?B)
[2026-07-05T00:29:06.809Z] GET http://localhost:3000/api/v1/tennis/rg-live-stream → pending (?ms, ?B)
[2026-07-05T00:29:12.172Z] GET http://localhost:3000/api/v1/tennis/rg-live-stream → pending (?ms, ?B)
[2026-07-05T00:29:17.514Z] GET http://localhost:3000/api/v1/tennis/rg-live-stream → pending (?ms, ?B)
[2026-07-05T00:29:22.866Z] GET http://localhost:3000/api/v1/tennis/rg-live-stream → pending (?ms, ?B)
[2026-07-05T00:29:28.221Z] GET http://localhost:3000/api/v1/tennis/rg-live-stream → pending (?ms, ?B)
[2026-07-05T00:29:33.572Z] GET http://localhost:3000/api/v1/tennis/rg-live-stream → pending (?ms, ?B)
[2026-07-05T00:29:38.931Z] GET http://localhost:3000/api/v1/tennis/rg-live-stream → pending (?ms, ?B)
[2026-07-05T00:29:44.280Z] GET http://localhost:3000/api/v1/tennis/rg-live-stream → pending (?ms, ?B)
[2026-07-05T00:59:28.771Z] GET http://localhost:3000/ → 200 (86ms, ?B)
[2026-07-05T00:59:28.876Z] GET https://fonts.googleapis.com/css2?family=DM+Mono:wght@400;500&family=JetBrains+Mono:wght@500;700;800&family=Plus+Jakarta+Sans:wght@500;600;700;800&family=Barlow+Condensed:ital,wght@0,600;0,700;0,800;0,900;1,700&family=Source+Sans+3:wght@300;400;500;600;700&family=Anton&family=Rajdhani:wght@600;700&family=Poppins:wght@400;500;600;700;800&family=Inter:wght@400;500;600;700&display=swap → 200 (1ms, -698B)
[2026-07-05T00:59:28.944Z] GET https://cdn.jsdelivr.net/npm/chart.js@4.4.0/dist/chart.umd.min.js → 200 (?ms, -671B)
[2026-07-05T00:59:28.945Z] GET https://cdn.jsdelivr.net/npm/marked@12.0.0/marked.min.js → 200 (?ms, -671B)
[2026-07-05T00:59:28.956Z] GET http://localhost:3000/locales/fr.json → 200 (17ms, -361B)
[2026-07-05T00:59:28.967Z] GET http://localhost:3000/assets/logo-wc2026.png → 200 (1ms, -218B)
[2026-07-05T00:59:28.968Z] GET http://localhost:3000/assets/pariscore-logo.svg → 200 (3ms, -358B)
[2026-07-05T00:59:29.021Z] GET https://fonts.gstatic.com/s/dmmono/v16/aFTU7PB1QTsUX8KYthqQBA.woff2 → 200 (?ms, -815B)
[2026-07-05T00:59:29.022Z] GET https://fonts.gstatic.com/s/dmmono/v16/aFTR7PB1QTsUX8KYvumzEYOtbQ.woff2 → 200 (3ms, -815B)
[2026-07-05T00:59:29.025Z] GET https://fonts.gstatic.com/s/inter/v20/UcC73FwrK3iLTeHuS_nVMrMxCp50SjIa1pL7SUc.woff2 → 200 (1ms, -815B)
[2026-07-05T00:59:29.026Z] GET https://fonts.gstatic.com/s/inter/v20/UcC73FwrK3iLTeHuS_nVMrMxCp50SjIa1ZL7.woff2 → 200 (?ms, -814B)
[2026-07-05T00:59:29.026Z] GET https://fonts.gstatic.com/s/poppins/v24/pxiByp8kv8JHgFVrLCz7Z1xlFQ.woff2 → 200 (1ms, -814B)
[2026-07-05T00:59:29.027Z] GET https://fonts.gstatic.com/s/poppins/v24/pxiByp8kv8JHgFVrLDD4Z1xlFQ.woff2 → 200 (?ms, -814B)
[2026-07-05T00:59:29.039Z] GET http://localhost:3000/assets/icons/rg-badge-hero.svg → 200 (6ms, -358B)
[2026-07-05T00:59:29.288Z] GET http://localhost:3000/pariscore.js?v=250625-34 → pending (?ms, ?B)
[2026-07-05T00:59:29.509Z] GET http://localhost:3000/assets/tennis-logos/map.json → 200 (4ms, -361B)
[2026-07-05T00:59:29.592Z] GET http://localhost:3000/api/v1/tennis/player-photos → 200 (52ms, 6717B)
[2026-07-05T00:59:29.592Z] GET http://localhost:3000/api/v1/tennis/player-photos → 200 (51ms, 6717B)
[2026-07-05T00:59:29.592Z] GET http://localhost:3000/api/v1/tennis/live → 200 (53ms, 381441B)
[2026-07-05T00:59:29.592Z] GET http://localhost:3000/leagues_config.json → 200 (53ms, -361B)
[2026-07-05T00:59:29.715Z] GET https://crests.football-data.org/PL.png → 200 (7ms, -294B)
[2026-07-05T00:59:29.723Z] GET https://crests.football-data.org/PD.png → 200 (1ms, -294B)
[2026-07-05T00:59:29.725Z] GET https://crests.football-data.org/SA.png → 200 (?ms, -294B)
[2026-07-05T00:59:29.726Z] GET https://crests.football-data.org/BL1.png → 200 (1ms, -293B)
[2026-07-05T00:59:29.728Z] GET https://crests.football-data.org/FL1.png → 200 (?ms, -294B)
[2026-07-05T00:59:29.729Z] GET https://crests.football-data.org/CL.png → 200 (?ms, -293B)
[2026-07-05T00:59:29.730Z] GET https://crests.football-data.org/EL.png → 200 (?ms, -294B)
[2026-07-05T00:59:29.731Z] GET https://media.api-sports.io/football/leagues/1.png → 200 (1ms, -982B)
[2026-07-05T00:59:29.741Z] GET http://localhost:3000/api/v1/tennis/value-bets → 200 (30ms, 697831B)
[2026-07-05T00:59:34.456Z] GET http://localhost:3000/api/v1/tennis/rg-live-stream → 200 (7ms, ?B)
[2026-07-05T01:02:01.446Z] GET http://localhost:3000/ → 200 (131ms, ?B)
[2026-07-05T01:02:01.599Z] GET https://fonts.googleapis.com/css2?family=DM+Mono:wght@400;500&family=JetBrains+Mono:wght@500;700;800&family=Plus+Jakarta+Sans:wght@500;600;700;800&family=Barlow+Condensed:ital,wght@0,600;0,700;0,800;0,900;1,700&family=Source+Sans+3:wght@300;400;500;600;700&family=Anton&family=Rajdhani:wght@600;700&family=Poppins:wght@400;500;600;700;800&family=Inter:wght@400;500;600;700&display=swap → 200 (2ms, -698B)
[2026-07-05T01:02:01.704Z] GET https://cdn.jsdelivr.net/npm/chart.js@4.4.0/dist/chart.umd.min.js → 200 (2ms, -671B)
[2026-07-05T01:02:01.706Z] GET https://cdn.jsdelivr.net/npm/marked@12.0.0/marked.min.js → 200 (1ms, -671B)
[2026-07-05T01:02:01.729Z] GET http://localhost:3000/locales/fr.json → 200 (5ms, -361B)
[2026-07-05T01:02:01.729Z] GET http://localhost:3000/assets/logo-wc2026.png → 200 (?ms, -218B)
[2026-07-05T01:02:01.742Z] GET http://localhost:3000/assets/pariscore-logo.svg → 200 (5ms, -358B)
[2026-07-05T01:02:01.806Z] GET https://fonts.gstatic.com/s/dmmono/v16/aFTU7PB1QTsUX8KYthqQBA.woff2 → 200 (?ms, -815B)
[2026-07-05T01:02:01.814Z] GET https://fonts.gstatic.com/s/dmmono/v16/aFTR7PB1QTsUX8KYvumzEYOtbQ.woff2 → 200 (?ms, -815B)
[2026-07-05T01:02:01.815Z] GET https://fonts.gstatic.com/s/inter/v20/UcC73FwrK3iLTeHuS_nVMrMxCp50SjIa1pL7SUc.woff2 → 200 (?ms, -815B)
[2026-07-05T01:02:01.816Z] GET https://fonts.gstatic.com/s/inter/v20/UcC73FwrK3iLTeHuS_nVMrMxCp50SjIa1ZL7.woff2 → 200 (?ms, -814B)
[2026-07-05T01:02:01.816Z] GET https://fonts.gstatic.com/s/poppins/v24/pxiByp8kv8JHgFVrLCz7Z1xlFQ.woff2 → 200 (1ms, -814B)
[2026-07-05T01:02:01.817Z] GET https://fonts.gstatic.com/s/poppins/v24/pxiByp8kv8JHgFVrLDD4Z1xlFQ.woff2 → 200 (?ms, -814B)
[2026-07-05T01:02:01.873Z] GET http://localhost:3000/assets/icons/rg-badge-hero.svg → 200 (6ms, -358B)
[2026-07-05T01:02:02.112Z] GET http://localhost:3000/pariscore.js?v=250625-34 → 200 (260ms, -367B)
[2026-07-05T01:02:02.461Z] GET http://localhost:3000/assets/tennis-logos/map.json → 200 (4ms, -361B)
[2026-07-05T01:02:02.558Z] GET http://localhost:3000/api/v1/tennis/player-photos → 200 (52ms, 6717B)
[2026-07-05T01:02:02.558Z] GET http://localhost:3000/api/v1/tennis/player-photos → 200 (52ms, 6717B)
[2026-07-05T01:02:02.559Z] GET http://localhost:3000/api/v1/tennis/live → 200 (52ms, 382480B)
[2026-07-05T01:02:02.559Z] GET http://localhost:3000/leagues_config.json → 200 (52ms, -361B)
[2026-07-05T01:02:02.694Z] GET https://crests.football-data.org/PL.png → 200 (?ms, -294B)
[2026-07-05T01:02:02.695Z] GET https://crests.football-data.org/PD.png → 200 (?ms, -294B)
[2026-07-05T01:02:02.696Z] GET https://crests.football-data.org/SA.png → 200 (6ms, -294B)
[2026-07-05T01:02:02.703Z] GET https://crests.football-data.org/BL1.png → 200 (1ms, -293B)
[2026-07-05T01:02:02.704Z] GET https://crests.football-data.org/FL1.png → 200 (1ms, -294B)
[2026-07-05T01:02:02.705Z] GET https://crests.football-data.org/CL.png → 200 (?ms, -293B)
[2026-07-05T01:02:02.706Z] GET https://crests.football-data.org/EL.png → 200 (?ms, -294B)
[2026-07-05T01:02:02.707Z] GET https://media.api-sports.io/football/leagues/1.png → 200 (1ms, -982B)
[2026-07-05T01:02:02.719Z] GET http://localhost:3000/api/v1/tennis/value-bets → 200 (44ms, 698845B)
[2026-07-05T01:02:07.381Z] GET http://localhost:3000/api/v1/tennis/rg-live-stream → 200 (7ms, ?B)
[2026-07-05T01:29:46.111Z] GET http://localhost:3000/api/v1/tennis/rg-live-stream → pending (?ms, ?B)
[2026-07-05T01:29:51.448Z] GET http://localhost:3000/api/v1/tennis/rg-live-stream → pending (?ms, ?B)
[2026-07-05T01:29:56.788Z] GET http://localhost:3000/api/v1/tennis/rg-live-stream → pending (?ms, ?B)
[2026-07-05T01:30:02.133Z] GET http://localhost:3000/api/v1/tennis/rg-live-stream → pending (?ms, ?B)
[2026-07-05T01:30:07.492Z] GET http://localhost:3000/api/v1/tennis/rg-live-stream → pending (?ms, ?B)
[2026-07-05T01:30:12.826Z] GET http://localhost:3000/api/v1/tennis/rg-live-stream → pending (?ms, ?B)
[2026-07-05T01:30:18.172Z] GET http://localhost:3000/api/v1/tennis/rg-live-stream → pending (?ms, ?B)
[2026-07-05T01:30:23.514Z] GET http://localhost:3000/api/v1/tennis/rg-live-stream → pending (?ms, ?B)
[2026-07-05T01:30:28.868Z] GET http://localhost:3000/api/v1/tennis/rg-live-stream → pending (?ms, ?B)
[2026-07-05T01:30:34.218Z] GET http://localhost:3000/api/v1/tennis/rg-live-stream → pending (?ms, ?B)
[2026-07-05T01:30:39.584Z] GET http://localhost:3000/api/v1/tennis/rg-live-stream → pending (?ms, ?B)
[2026-07-05T01:30:44.943Z] GET http://localhost:3000/api/v1/tennis/rg-live-stream → pending (?ms, ?B)
[2026-07-05T01:30:50.292Z] GET http://localhost:3000/api/v1/tennis/rg-live-stream → pending (?ms, ?B)
[2026-07-05T01:30:55.682Z] GET http://localhost:3000/api/v1/tennis/rg-live-stream → pending (?ms, ?B)
[2026-07-05T01:31:01.056Z] GET http://localhost:3000/api/v1/tennis/rg-live-stream → pending (?ms, ?B)
[2026-07-05T01:31:06.413Z] GET http://localhost:3000/api/v1/tennis/rg-live-stream → pending (?ms, ?B)
[2026-07-05T01:31:11.763Z] GET http://localhost:3000/api/v1/tennis/rg-live-stream → pending (?ms, ?B)
[2026-07-05T01:31:17.104Z] GET http://localhost:3000/api/v1/tennis/rg-live-stream → pending (?ms, ?B)
[2026-07-05T01:31:22.462Z] GET http://localhost:3000/api/v1/tennis/rg-live-stream → pending (?ms, ?B)
[2026-07-05T01:31:27.808Z] GET http://localhost:3000/api/v1/tennis/rg-live-stream → pending (?ms, ?B)
[2026-07-05T01:31:33.138Z] GET http://localhost:3000/api/v1/tennis/rg-live-stream → pending (?ms, ?B)
[2026-07-05T01:31:38.489Z] GET http://localhost:3000/api/v1/tennis/rg-live-stream → pending (?ms, ?B)
[2026-07-05T01:31:43.829Z] GET http://localhost:3000/api/v1/tennis/rg-live-stream → pending (?ms, ?B)
[2026-07-05T01:31:49.184Z] GET http://localhost:3000/api/v1/tennis/rg-live-stream → pending (?ms, ?B)
[2026-07-05T01:31:54.519Z] GET http://localhost:3000/api/v1/tennis/rg-live-stream → pending (?ms, ?B)
[2026-07-05T01:31:59.856Z] GET http://localhost:3000/api/v1/tennis/rg-live-stream → pending (?ms, ?B)
[2026-07-05T01:32:05.212Z] GET http://localhost:3000/api/v1/tennis/rg-live-stream → pending (?ms, ?B)
[2026-07-05T01:32:10.578Z] GET http://localhost:3000/api/v1/tennis/rg-live-stream → pending (?ms, ?B)
[2026-07-05T01:32:15.928Z] GET http://localhost:3000/api/v1/tennis/rg-live-stream → pending (?ms, ?B)
