[2026-07-04T23:55:24.482Z] [error] [PSCATCH] window.error: Unexpected identifier 'strong' 
 SyntaxError: Unexpected identifier 'strong'
[2026-07-04T23:55:25.944Z] [log] [SW] Nouveau contrôleur actif — rechargement automatique
[2026-07-04T23:55:27.107Z] [error] [PSCATCH] window.error: Unexpected identifier 'strong' 
 SyntaxError: Unexpected identifier 'strong'
[2026-07-05T00:02:38.157Z] [error] [PSCATCH] window.error: Unexpected identifier 'strong' 
 SyntaxError: Unexpected identifier 'strong'
[2026-07-05T00:10:31.426Z] [error] Failed to load resource: net::ERR_CONNECTION_RESET
[2026-07-05T00:10:36.780Z] [error] Failed to load resource: net::ERR_CONNECTION_REFUSED
[2026-07-05T00:10:42.134Z] [error] Failed to load resource: net::ERR_CONNECTION_REFUSED
[2026-07-05T00:10:47.487Z] [error] Failed to load resource: net::ERR_CONNECTION_REFUSED
[2026-07-05T00:10:52.833Z] [error] Failed to load resource: net::ERR_CONNECTION_REFUSED
[2026-07-05T00:10:58.184Z] [error] Failed to load resource: net::ERR_CONNECTION_REFUSED
[2026-07-05T00:11:03.546Z] [error] Failed to load resource: net::ERR_CONNECTION_REFUSED
[2026-07-05T00:11:08.899Z] [error] Failed to load resource: net::ERR_CONNECTION_REFUSED
[2026-07-05T00:11:14.252Z] [error] Failed to load resource: net::ERR_CONNECTION_REFUSED
[2026-07-05T00:11:19.602Z] [error] Failed to load resource: net::ERR_CONNECTION_REFUSED
[2026-07-05T00:11:24.944Z] [error] Failed to load resource: net::ERR_CONNECTION_REFUSED
[2026-07-05T00:11:30.279Z] [error] Failed to load resource: net::ERR_CONNECTION_REFUSED
[2026-07-05T00:11:35.626Z] [error] Failed to load resource: net::ERR_CONNECTION_REFUSED
[2026-07-05T00:11:41.005Z] [error] Failed to load resource: net::ERR_CONNECTION_REFUSED
[2026-07-05T00:11:46.373Z] [error] Failed to load resource: net::ERR_CONNECTION_REFUSED
[2026-07-05T00:11:51.726Z] [error] Failed to load resource: net::ERR_CONNECTION_REFUSED
[2026-07-05T00:11:57.088Z] [error] Failed to load resource: net::ERR_CONNECTION_REFUSED
[2026-07-05T00:12:02.432Z] [error] Failed to load resource: net::ERR_CONNECTION_REFUSED
[2026-07-05T00:12:07.764Z] [error] Failed to load resource: net::ERR_CONNECTION_REFUSED
[2026-07-05T00:12:13.107Z] [error] Failed to load resource: net::ERR_CONNECTION_REFUSED
[2026-07-05T00:12:18.452Z] [error] Failed to load resource: net::ERR_CONNECTION_REFUSED
[2026-07-05T00:12:23.813Z] [error] Failed to load resource: net::ERR_CONNECTION_REFUSED
[2026-07-05T00:12:29.149Z] [error] Failed to load resource: net::ERR_CONNECTION_REFUSED
[2026-07-05T00:12:34.512Z] [error] Failed to load resource: net::ERR_CONNECTION_REFUSED
[2026-07-05T00:12:39.846Z] [error] Failed to load resource: net::ERR_CONNECTION_REFUSED
[2026-07-05T00:12:45.199Z] [error] Failed to load resource: net::ERR_CONNECTION_REFUSED
[2026-07-05T00:12:50.547Z] [error] Failed to load resource: net::ERR_CONNECTION_REFUSED
[2026-07-05T00:12:55.880Z] [error] Failed to load resource: net::ERR_CONNECTION_REFUSED
[2026-07-05T00:13:01.228Z] [error] Failed to load resource: net::ERR_CONNECTION_REFUSED
[2026-07-05T00:13:06.582Z] [error] Failed to load resource: net::ERR_CONNECTION_REFUSED
[2026-07-05T00:13:11.942Z] [error] Failed to load resource: net::ERR_CONNECTION_REFUSED
[2026-07-05T00:13:17.291Z] [error] Failed to load resource: net::ERR_CONNECTION_REFUSED
[2026-07-05T00:13:22.649Z] [error] Failed to load resource: net::ERR_CONNECTION_REFUSED
[2026-07-05T00:13:27.981Z] [error] Failed to load resource: net::ERR_CONNECTION_REFUSED
[2026-07-05T00:13:33.310Z] [error] Failed to load resource: net::ERR_CONNECTION_REFUSED
[2026-07-05T00:13:38.663Z] [error] Failed to load resource: net::ERR_CONNECTION_REFUSED
[2026-07-05T00:13:44.011Z] [error] Failed to load resource: net::ERR_CONNECTION_REFUSED
[2026-07-05T00:13:49.353Z] [error] Failed to load resource: net::ERR_CONNECTION_REFUSED
[2026-07-05T00:13:54.707Z] [error] Failed to load resource: net::ERR_CONNECTION_REFUSED
[2026-07-05T00:14:00.044Z] [error] Failed to load resource: net::ERR_CONNECTION_REFUSED
[2026-07-05T00:14:05.393Z] [error] Failed to load resource: net::ERR_CONNECTION_REFUSED
[2026-07-05T00:14:10.763Z] [error] Failed to load resource: net::ERR_CONNECTION_REFUSED
[2026-07-05T00:14:16.090Z] [error] Failed to load resource: net::ERR_CONNECTION_REFUSED
[2026-07-05T00:14:21.424Z] [error] Failed to load resource: net::ERR_CONNECTION_REFUSED
[2026-07-05T00:14:26.777Z] [error] Failed to load resource: net::ERR_CONNECTION_REFUSED
[2026-07-05T00:14:32.126Z] [error] Failed to load resource: net::ERR_CONNECTION_REFUSED
[2026-07-05T00:14:37.472Z] [error] Failed to load resource: net::ERR_CONNECTION_REFUSED
[2026-07-05T00:14:42.837Z] [error] Failed to load resource: net::ERR_CONNECTION_REFUSED
[2026-07-05T00:14:48.192Z] [error] Failed to load resource: net::ERR_CONNECTION_REFUSED
[2026-07-05T00:14:53.530Z] [error] Failed to load resource: net::ERR_CONNECTION_REFUSED
[2026-07-05T00:14:58.886Z] [error] Failed to load resource: net::ERR_CONNECTION_REFUSED
[2026-07-05T00:15:04.246Z] [error] Failed to load resource: net::ERR_CONNECTION_REFUSED
[2026-07-05T00:15:09.600Z] [error] Failed to load resource: net::ERR_CONNECTION_REFUSED
[2026-07-05T00:15:14.972Z] [error] Failed to load resource: net::ERR_CONNECTION_REFUSED
[2026-07-05T00:15:20.367Z] [error] Failed to load resource: net::ERR_CONNECTION_REFUSED
[2026-07-05T00:15:25.685Z] [error] Failed to load resource: net::ERR_CONNECTION_REFUSED
[2026-07-05T00:15:31.030Z] [error] Failed to load resource: net::ERR_CONNECTION_REFUSED
[2026-07-05T00:15:36.390Z] [error] Failed to load resource: net::ERR_CONNECTION_REFUSED
[2026-07-05T00:15:41.727Z] [error] Failed to load resource: net::ERR_CONNECTION_REFUSED
[2026-07-05T00:15:47.072Z] [error] Failed to load resource: net::ERR_CONNECTION_REFUSED
[2026-07-05T00:15:52.410Z] [error] Failed to load resource: net::ERR_CONNECTION_REFUSED
[2026-07-05T00:15:57.764Z] [error] Failed to load resource: net::ERR_CONNECTION_REFUSED
[2026-07-05T00:16:03.116Z] [error] Failed to load resource: net::ERR_CONNECTION_REFUSED
[2026-07-05T00:16:08.455Z] [error] Failed to load resource: net::ERR_CONNECTION_REFUSED
[2026-07-05T00:16:13.799Z] [error] Failed to load resource: net::ERR_CONNECTION_REFUSED
[2026-07-05T00:16:19.145Z] [error] Failed to load resource: net::ERR_CONNECTION_REFUSED
[2026-07-05T00:16:24.518Z] [error] Failed to load resource: net::ERR_CONNECTION_REFUSED
[2026-07-05T00:16:29.890Z] [error] Failed to load resource: net::ERR_CONNECTION_REFUSED
[2026-07-05T00:16:35.227Z] [error] Failed to load resource: net::ERR_CONNECTION_REFUSED
[2026-07-05T00:16:40.575Z] [error] Failed to load resource: net::ERR_CONNECTION_REFUSED
[2026-07-05T00:16:45.929Z] [error] Failed to load resource: net::ERR_CONNECTION_REFUSED
[2026-07-05T00:16:51.283Z] [error] Failed to load resource: net::ERR_CONNECTION_REFUSED
[2026-07-05T00:16:56.625Z] [error] Failed to load resource: net::ERR_CONNECTION_REFUSED
[2026-07-05T00:17:01.985Z] [error] Failed to load resource: net::ERR_CONNECTION_REFUSED
[2026-07-05T00:17:07.333Z] [error] Failed to load resource: net::ERR_CONNECTION_REFUSED
[2026-07-05T00:17:12.687Z] [error] Failed to load resource: net::ERR_CONNECTION_REFUSED
[2026-07-05T00:17:18.051Z] [error] Failed to load resource: net::ERR_CONNECTION_REFUSED
[2026-07-05T00:17:23.394Z] [error] Failed to load resource: net::ERR_CONNECTION_REFUSED
[2026-07-05T00:17:28.737Z] [error] Failed to load resource: net::ERR_CONNECTION_REFUSED
[2026-07-05T00:17:34.054Z] [error] Failed to load resource: net::ERR_CONNECTION_REFUSED
[2026-07-05T00:17:39.397Z] [error] Failed to load resource: net::ERR_CONNECTION_REFUSED
[2026-07-05T00:17:44.752Z] [error] Failed to load resource: net::ERR_CONNECTION_REFUSED
[2026-07-05T00:17:50.104Z] [error] Failed to load resource: net::ERR_CONNECTION_REFUSED
[2026-07-05T00:17:55.443Z] [error] Failed to load resource: net::ERR_CONNECTION_REFUSED
[2026-07-05T00:18:00.807Z] [error] Failed to load resource: net::ERR_CONNECTION_REFUSED
[2026-07-05T00:18:06.164Z] [error] Failed to load resource: net::ERR_CONNECTION_REFUSED
[2026-07-05T00:18:11.500Z] [error] Failed to load resource: net::ERR_CONNECTION_REFUSED
[2026-07-05T00:18:16.863Z] [error] Failed to load resource: net::ERR_CONNECTION_REFUSED
[2026-07-05T00:18:22.221Z] [error] Failed to load resource: net::ERR_CONNECTION_REFUSED
[2026-07-05T00:18:27.553Z] [error] Failed to load resource: net::ERR_CONNECTION_REFUSED
[2026-07-05T00:18:32.899Z] [error] Failed to load resource: net::ERR_CONNECTION_REFUSED
[2026-07-05T00:18:38.240Z] [error] Failed to load resource: net::ERR_CONNECTION_REFUSED
[2026-07-05T00:18:43.588Z] [error] Failed to load resource: net::ERR_CONNECTION_REFUSED
[2026-07-05T00:18:48.973Z] [error] Failed to load resource: net::ERR_CONNECTION_REFUSED
[2026-07-05T00:18:54.305Z] [error] Failed to load resource: net::ERR_CONNECTION_REFUSED
[2026-07-05T00:18:59.687Z] [error] Failed to load resource: net::ERR_CONNECTION_REFUSED
[2026-07-05T00:19:05.031Z] [error] Failed to load resource: net::ERR_CONNECTION_REFUSED
[2026-07-05T00:19:10.354Z] [error] Failed to load resource: net::ERR_CONNECTION_REFUSED
[2026-07-05T00:19:15.713Z] [error] Failed to load resource: net::ERR_CONNECTION_REFUSED
[2026-07-05T00:19:21.058Z] [error] Failed to load resource: net::ERR_CONNECTION_REFUSED
[2026-07-05T00:19:26.403Z] [error] Failed to load resource: net::ERR_CONNECTION_REFUSED
[2026-07-05T00:19:31.743Z] [error] Failed to load resource: net::ERR_CONNECTION_REFUSED
[2026-07-05T00:19:37.079Z] [error] Failed to load resource: net::ERR_CONNECTION_REFUSED
[2026-07-05T00:19:42.442Z] [error] Failed to load resource: net::ERR_CONNECTION_REFUSED
[2026-07-05T00:19:47.789Z] [error] Failed to load resource: net::ERR_CONNECTION_REFUSED
[2026-07-05T00:19:53.119Z] [error] Failed to load resource: net::ERR_CONNECTION_REFUSED
[2026-07-05T00:19:58.465Z] [error] Failed to load resource: net::ERR_CONNECTION_REFUSED
[2026-07-05T00:20:03.805Z] [error] Failed to load resource: net::ERR_CONNECTION_REFUSED
[2026-07-05T00:20:09.153Z] [error] Failed to load resource: net::ERR_CONNECTION_REFUSED
[2026-07-05T00:20:14.517Z] [error] Failed to load resource: net::ERR_CONNECTION_REFUSED
[2026-07-05T00:20:19.859Z] [error] Failed to load resource: net::ERR_CONNECTION_REFUSED
[2026-07-05T00:20:25.224Z] [error] Failed to load resource: net::ERR_CONNECTION_REFUSED
[2026-07-05T00:20:30.595Z] [error] Failed to load resource: net::ERR_CONNECTION_REFUSED
[2026-07-05T00:20:35.935Z] [error] Failed to load resource: net::ERR_CONNECTION_REFUSED
[2026-07-05T00:20:41.269Z] [error] Failed to load resource: net::ERR_CONNECTION_REFUSED
[2026-07-05T00:20:46.610Z] [error] Failed to load resource: net::ERR_CONNECTION_REFUSED
[2026-07-05T00:20:51.941Z] [error] Failed to load resource: net::ERR_CONNECTION_REFUSED
[2026-07-05T00:20:57.296Z] [error] Failed to load resource: net::ERR_CONNECTION_REFUSED
[2026-07-05T00:21:02.629Z] [error] Failed to load resource: net::ERR_CONNECTION_REFUSED
[2026-07-05T00:21:07.992Z] [error] Failed to load resource: net::ERR_CONNECTION_REFUSED
[2026-07-05T00:21:13.365Z] [error] Failed to load resource: net::ERR_CONNECTION_REFUSED
[2026-07-05T00:21:18.721Z] [error] Failed to load resource: net::ERR_CONNECTION_REFUSED
[2026-07-05T00:21:24.077Z] [error] Failed to load resource: net::ERR_CONNECTION_REFUSED
[2026-07-05T00:21:29.415Z] [error] Failed to load resource: net::ERR_CONNECTION_REFUSED
[2026-07-05T00:21:34.757Z] [error] Failed to load resource: net::ERR_CONNECTION_REFUSED
[2026-07-05T00:21:40.077Z] [error] Failed to load resource: net::ERR_CONNECTION_REFUSED
[2026-07-05T00:21:45.421Z] [error] Failed to load resource: net::ERR_CONNECTION_REFUSED
[2026-07-05T00:21:50.776Z] [error] Failed to load resource: net::ERR_CONNECTION_REFUSED
[2026-07-05T00:21:56.128Z] [error] Failed to load resource: net::ERR_CONNECTION_REFUSED
[2026-07-05T00:22:01.499Z] [error] Failed to load resource: net::ERR_CONNECTION_REFUSED
[2026-07-05T00:22:06.850Z] [error] Failed to load resource: net::ERR_CONNECTION_REFUSED
[2026-07-05T00:22:12.196Z] [error] Failed to load resource: net::ERR_CONNECTION_REFUSED
[2026-07-05T00:22:17.555Z] [error] Failed to load resource: net::ERR_CONNECTION_REFUSED
[2026-07-05T00:22:22.916Z] [error] Failed to load resource: net::ERR_CONNECTION_REFUSED
[2026-07-05T00:22:28.259Z] [error] Failed to load resource: net::ERR_CONNECTION_REFUSED
[2026-07-05T00:22:33.609Z] [error] Failed to load resource: net::ERR_CONNECTION_REFUSED
[2026-07-05T00:22:38.953Z] [error] Failed to load resource: net::ERR_CONNECTION_REFUSED
[2026-07-05T00:22:44.316Z] [error] Failed to load resource: net::ERR_CONNECTION_REFUSED
[2026-07-05T00:22:49.645Z] [error] Failed to load resource: net::ERR_CONNECTION_REFUSED
[2026-07-05T00:22:54.990Z] [error] Failed to load resource: net::ERR_CONNECTION_REFUSED
[2026-07-05T00:23:00.351Z] [error] Failed to load resource: net::ERR_CONNECTION_REFUSED
[2026-07-05T00:23:05.723Z] [error] Failed to load resource: net::ERR_CONNECTION_REFUSED
[2026-07-05T00:23:11.072Z] [error] Failed to load resource: net::ERR_CONNECTION_REFUSED
[2026-07-05T00:23:16.417Z] [error] Failed to load resource: net::ERR_CONNECTION_REFUSED
[2026-07-05T00:23:21.770Z] [error] Failed to load resource: net::ERR_CONNECTION_REFUSED
[2026-07-05T00:23:27.100Z] [error] Failed to load resource: net::ERR_CONNECTION_REFUSED
[2026-07-05T00:23:32.440Z] [error] Failed to load resource: net::ERR_CONNECTION_REFUSED
[2026-07-05T00:23:37.782Z] [error] Failed to load resource: net::ERR_CONNECTION_REFUSED
[2026-07-05T00:23:43.109Z] [error] Failed to load resource: net::ERR_CONNECTION_REFUSED
[2026-07-05T00:23:48.459Z] [error] Failed to load resource: net::ERR_CONNECTION_REFUSED
[2026-07-05T00:23:53.802Z] [error] Failed to load resource: net::ERR_CONNECTION_REFUSED
[2026-07-05T00:23:59.135Z] [error] Failed to load resource: net::ERR_CONNECTION_REFUSED
[2026-07-05T00:24:04.490Z] [error] Failed to load resource: net::ERR_CONNECTION_REFUSED
[2026-07-05T00:24:09.833Z] [error] Failed to load resource: net::ERR_CONNECTION_REFUSED
[2026-07-05T00:24:15.170Z] [error] Failed to load resource: net::ERR_CONNECTION_REFUSED
[2026-07-05T00:24:21.118Z] [error] Failed to load resource: net::ERR_CONNECTION_REFUSED
[2026-07-05T00:24:25.848Z] [error] Failed to load resource: net::ERR_CONNECTION_REFUSED
[2026-07-05T00:24:31.177Z] [error] Failed to load resource: net::ERR_CONNECTION_REFUSED
[2026-07-05T00:24:36.519Z] [error] Failed to load resource: net::ERR_CONNECTION_REFUSED
[2026-07-05T00:24:41.864Z] [error] Failed to load resource: net::ERR_CONNECTION_REFUSED
[2026-07-05T00:24:47.221Z] [error] Failed to load resource: net::ERR_CONNECTION_REFUSED
[2026-07-05T00:24:52.566Z] [error] Failed to load resource: net::ERR_CONNECTION_REFUSED
[2026-07-05T00:24:57.906Z] [error] Failed to load resource: net::ERR_CONNECTION_REFUSED
[2026-07-05T00:25:03.279Z] [error] Failed to load resource: net::ERR_CONNECTION_REFUSED
[2026-07-05T00:25:08.632Z] [error] Failed to load resource: net::ERR_CONNECTION_REFUSED
[2026-07-05T00:25:13.977Z] [error] Failed to load resource: net::ERR_CONNECTION_REFUSED
[2026-07-05T00:25:19.330Z] [error] Failed to load resource: net::ERR_CONNECTION_REFUSED
[2026-07-05T00:25:24.665Z] [error] Failed to load resource: net::ERR_CONNECTION_REFUSED
[2026-07-05T00:25:29.995Z] [error] Failed to load resource: net::ERR_CONNECTION_REFUSED
[2026-07-05T00:25:35.335Z] [error] Failed to load resource: net::ERR_CONNECTION_REFUSED
[2026-07-05T00:25:40.666Z] [error] Failed to load resource: net::ERR_CONNECTION_REFUSED
[2026-07-05T00:25:46.011Z] [error] Failed to load resource: net::ERR_CONNECTION_REFUSED
[2026-07-05T00:25:51.362Z] [error] Failed to load resource: net::ERR_CONNECTION_REFUSED
[2026-07-05T00:25:56.712Z] [error] Failed to load resource: net::ERR_CONNECTION_REFUSED
[2026-07-05T00:26:02.045Z] [error] Failed to load resource: net::ERR_CONNECTION_REFUSED
[2026-07-05T00:26:07.414Z] [error] Failed to load resource: net::ERR_CONNECTION_REFUSED
[2026-07-05T00:26:12.757Z] [error] Failed to load resource: net::ERR_CONNECTION_REFUSED
[2026-07-05T00:26:18.096Z] [error] Failed to load resource: net::ERR_CONNECTION_REFUSED
[2026-07-05T00:26:23.443Z] [error] Failed to load resource: net::ERR_CONNECTION_REFUSED
[2026-07-05T00:26:28.786Z] [error] Failed to load resource: net::ERR_CONNECTION_REFUSED
[2026-07-05T00:26:34.147Z] [error] Failed to load resource: net::ERR_CONNECTION_REFUSED
[2026-07-05T00:26:39.489Z] [error] Failed to load resource: net::ERR_CONNECTION_REFUSED
[2026-07-05T00:26:44.834Z] [error] Failed to load resource: net::ERR_CONNECTION_REFUSED
[2026-07-05T00:26:50.174Z] [error] Failed to load resource: net::ERR_CONNECTION_REFUSED
[2026-07-05T00:26:55.530Z] [error] Failed to load resource: net::ERR_CONNECTION_REFUSED
[2026-07-05T00:27:00.867Z] [error] Failed to load resource: net::ERR_CONNECTION_REFUSED
[2026-07-05T00:27:06.209Z] [error] Failed to load resource: net::ERR_CONNECTION_REFUSED
[2026-07-05T00:27:11.543Z] [error] Failed to load resource: net::ERR_CONNECTION_REFUSED
[2026-07-05T00:27:16.897Z] [error] Failed to load resource: net::ERR_CONNECTION_REFUSED
[2026-07-05T00:27:22.260Z] [error] Failed to load resource: net::ERR_CONNECTION_REFUSED
[2026-07-05T00:27:27.594Z] [error] Failed to load resource: net::ERR_CONNECTION_REFUSED
[2026-07-05T00:27:32.929Z] [error] Failed to load resource: net::ERR_CONNECTION_REFUSED
[2026-07-05T00:27:38.293Z] [error] Failed to load resource: net::ERR_CONNECTION_REFUSED
[2026-07-05T00:27:43.627Z] [error] Failed to load resource: net::ERR_CONNECTION_REFUSED
[2026-07-05T00:27:48.966Z] [error] Failed to load resource: net::ERR_CONNECTION_REFUSED
[2026-07-05T00:27:54.315Z] [error] Failed to load resource: net::ERR_CONNECTION_REFUSED
[2026-07-05T00:27:59.644Z] [error] Failed to load resource: net::ERR_CONNECTION_REFUSED
[2026-07-05T00:28:04.999Z] [error] Failed to load resource: net::ERR_CONNECTION_REFUSED
[2026-07-05T00:28:10.317Z] [error] Failed to load resource: net::ERR_CONNECTION_REFUSED
[2026-07-05T00:28:15.657Z] [error] Failed to load resource: net::ERR_CONNECTION_REFUSED
[2026-07-05T00:28:21.141Z] [error] Failed to load resource: net::ERR_CONNECTION_REFUSED
[2026-07-05T00:28:26.342Z] [error] Failed to load resource: net::ERR_CONNECTION_REFUSED
[2026-07-05T00:28:31.672Z] [error] Failed to load resource: net::ERR_CONNECTION_REFUSED
[2026-07-05T00:28:37.011Z] [error] Failed to load resource: net::ERR_CONNECTION_REFUSED
[2026-07-05T00:28:42.356Z] [error] Failed to load resource: net::ERR_CONNECTION_REFUSED
[2026-07-05T00:28:47.708Z] [error] Failed to load resource: net::ERR_CONNECTION_REFUSED
[2026-07-05T00:28:53.088Z] [error] Failed to load resource: net::ERR_CONNECTION_REFUSED
[2026-07-05T00:28:58.440Z] [error] Failed to load resource: net::ERR_CONNECTION_REFUSED
[2026-07-05T00:29:03.806Z] [error] Failed to load resource: net::ERR_CONNECTION_REFUSED
[2026-07-05T00:29:09.159Z] [error] Failed to load resource: net::ERR_CONNECTION_REFUSED
[2026-07-05T00:29:14.509Z] [error] Failed to load resource: net::ERR_CONNECTION_REFUSED
[2026-07-05T00:29:19.856Z] [error] Failed to load resource: net::ERR_CONNECTION_REFUSED
[2026-07-05T00:29:25.214Z] [error] Failed to load resource: net::ERR_CONNECTION_REFUSED
[2026-07-05T00:29:30.571Z] [error] Failed to load resource: net::ERR_CONNECTION_REFUSED
[2026-07-05T00:29:35.922Z] [error] Failed to load resource: net::ERR_CONNECTION_REFUSED
[2026-07-05T00:29:41.275Z] [error] Failed to load resource: net::ERR_CONNECTION_REFUSED
[2026-07-05T00:59:29.737Z] [log] [AuditLive] sample match id=bsd_t_41052 tour=ATP | _bsd_stats nulls=6/16 | momentum_series=4 games | serving=2 | current_point=30-40 | player1.id=5901 player1.photo=null
[2026-07-05T00:59:29.737Z] [warning] [AuditLive] ⚠️ 5/470 matchs ont _bsd_stats
[2026-07-05T00:59:29.737Z] [log] [AuditLive] 5/470 bsd_stats | 5/470 momentum | 5/470 current_point
[2026-07-05T01:02:02.710Z] [log] [AuditLive] sample match id=bsd_t_41049 tour=ATP | _bsd_stats nulls=6/16 | momentum_series=6 games | serving=2 | current_point=0-15 | player1.id=5900 player1.photo=null
[2026-07-05T01:02:02.711Z] [warning] [AuditLive] ⚠️ 5/470 matchs ont _bsd_stats
[2026-07-05T01:02:02.711Z] [log] [AuditLive] 5/470 bsd_stats | 5/470 momentum | 5/470 current_point
[2026-07-05T01:29:43.112Z] [error] Failed to load resource: net::ERR_CONNECTION_RESET
[2026-07-05T01:29:48.446Z] [error] Failed to load resource: net::ERR_CONNECTION_REFUSED
[2026-07-05T01:29:53.785Z] [error] Failed to load resource: net::ERR_CONNECTION_REFUSED
[2026-07-05T01:29:59.118Z] [error] Failed to load resource: net::ERR_CONNECTION_REFUSED
[2026-07-05T01:30:04.485Z] [error] Failed to load resource: net::ERR_CONNECTION_REFUSED
[2026-07-05T01:30:09.823Z] [error] Failed to load resource: net::ERR_CONNECTION_REFUSED
[2026-07-05T01:30:15.170Z] [error] Failed to load resource: net::ERR_CONNECTION_REFUSED
[2026-07-05T01:30:20.510Z] [error] Failed to load resource: net::ERR_CONNECTION_REFUSED
[2026-07-05T01:30:25.859Z] [error] Failed to load resource: net::ERR_CONNECTION_REFUSED
[2026-07-05T01:30:31.212Z] [error] Failed to load resource: net::ERR_CONNECTION_REFUSED
[2026-07-05T01:30:36.570Z] [error] Failed to load resource: net::ERR_CONNECTION_REFUSED
[2026-07-05T01:30:41.941Z] [error] Failed to load resource: net::ERR_CONNECTION_REFUSED
[2026-07-05T01:30:47.284Z] [error] Failed to load resource: net::ERR_CONNECTION_REFUSED
[2026-07-05T01:30:52.669Z] [error] Failed to load resource: net::ERR_CONNECTION_REFUSED
[2026-07-05T01:30:58.050Z] [error] Failed to load resource: net::ERR_CONNECTION_REFUSED
[2026-07-05T01:31:03.405Z] [error] Failed to load resource: net::ERR_CONNECTION_REFUSED
[2026-07-05T01:31:08.761Z] [error] Failed to load resource: net::ERR_CONNECTION_REFUSED
[2026-07-05T01:31:14.101Z] [error] Failed to load resource: net::ERR_CONNECTION_REFUSED
[2026-07-05T01:31:19.450Z] [error] Failed to load resource: net::ERR_CONNECTION_REFUSED
[2026-07-05T01:31:24.801Z] [error] Failed to load resource: net::ERR_CONNECTION_REFUSED
[2026-07-05T01:31:30.136Z] [error] Failed to load resource: net::ERR_CONNECTION_REFUSED
[2026-07-05T01:31:35.474Z] [error] Failed to load resource: net::ERR_CONNECTION_REFUSED
[2026-07-05T01:31:40.820Z] [error] Failed to load resource: net::ERR_CONNECTION_REFUSED
[2026-07-05T01:31:46.174Z] [error] Failed to load resource: net::ERR_CONNECTION_REFUSED
[2026-07-05T01:31:51.518Z] [error] Failed to load resource: net::ERR_CONNECTION_REFUSED
[2026-07-05T01:31:56.849Z] [error] Failed to load resource: net::ERR_CONNECTION_REFUSED
[2026-07-05T01:32:02.208Z] [error] Failed to load resource: net::ERR_CONNECTION_REFUSED
[2026-07-05T01:32:07.570Z] [error] Failed to load resource: net::ERR_CONNECTION_REFUSED
[2026-07-05T01:32:12.931Z] [error] Failed to load resource: net::ERR_CONNECTION_REFUSED
[2026-07-05T01:32:18.279Z] [error] Failed to load resource: net::ERR_CONNECTION_REFUSED
