[bo3] Refresh map rounds — 30 teams, windows 90/180/365d
  [Vitality] bo3 id=667 — fetch matches…
  [Vitality] 84 matchs · 198 maps · overall365 avg=21.59 (n=197)
  [FaZe] bo3 id=791 — fetch matches…
  [FaZe] 92 matchs · 202 maps · overall365 avg=21.48 (n=202)
  [Spirit] bo3 id=654 — fetch matches…
  [Spirit] 64 matchs · 145 maps · overall365 avg=21.74 (n=145)
  [MOUZ] bo3 id=6851 — fetch matches…
  [MOUZ] 0 matchs · 0 maps · overall365 avg=null (n=0)
  [Natus Vincere] bo3 id=787 — fetch matches…
  [Natus Vincere] 81 matchs · 200 maps · overall365 avg=21.42 (n=198)
  [G2] bo3 id=793 — fetch matches…
  [G2] 88 matchs · 197 maps · overall365 avg=21.43 (n=193)
  [Liquid] bo3 id=790 — fetch matches…
  [Liquid] 85 matchs · 185 maps · overall365 avg=21.62 (n=184)
  [Heroic] bo3 id=759 — fetch matches…
  [Heroic] 83 matchs · 182 maps · overall365 avg=21.34 (n=180)
  [FURIA] bo3 id=648 — fetch matches…
  [FURIA] 96 matchs · 232 maps · overall365 avg=21.73 (n=230)
  [Complexity] bo3 id=703 — fetch matches…
  [Complexity] 7 matchs · 19 maps · overall365 avg=24.18 (n=17)
  [Cloud9] bo3 id=780 — fetch matches…
  [Cloud9] 0 matchs · 0 maps · overall365 avg=null (n=0)
  [Astralis] bo3 id=794 — fetch matches…
  [Astralis] 82 matchs · 193 maps · overall365 avg=21.07 (n=188)
  [BIG] bo3 id=756 — fetch matches…
  [BIG] 116 matchs · 231 maps · overall365 avg=21.22 (n=230)
  [paiN] bo3 id introuvable — skip
  [ENCE] bo3 id=754 — fetch matches…
  [ENCE] 115 matchs · 210 maps · overall365 avg=21.17 (n=202)
  [Falcons] bo3 id=6510 — fetch matches…
  [Falcons] 0 matchs · 0 maps · overall365 avg=null (n=0)
  [Monte] bo3 id=3581 — fetch matches…
  [Monte] 96 matchs · 211 maps · overall365 avg=21.8 (n=205)
  [3DMAX] bo3 id=696 — fetch matches…
  [3DMAX] 106 matchs · 230 maps · overall365 avg=21.59 (n=227)
  [MongolZ] bo3 id=2561 — fetch matches…
  [MongolZ] 0 matchs · 0 maps · overall365 avg=null (n=0)
  [SAW] bo3 id=312 — fetch matches…
  [SAW] 69 matchs · 140 maps · overall365 avg=21.77 (n=140)
  [SINNERS] bo3 id=200 — fetch matches…
  [SINNERS] 127 matchs · 271 maps · overall365 avg=22.18 (n=271)
  [Imperial] bo3 id=1430 — fetch matches…
  [Imperial] 102 matchs · 204 maps · overall365 avg=21.34 (n=201)
  [Aurora] bo3 id=15143 — fetch matches…
  [Aurora] 0 matchs · 0 maps · overall365 avg=null (n=0)
  [9z] bo3 id=324 — fetch matches…
  [9z] 111 matchs · 214 maps · overall365 avg=21.26 (n=214)
  [Apeks] bo3 id=304 — fetch matches…
  [Apeks] 0 matchs · 0 maps · overall365 avg=null (n=0)
  [Eternos] bo3 id introuvable — skip
  [Virtus.pro] bo3 id=720 — fetch matches…
  [Virtus.pro] 37 matchs · 75 maps · overall365 avg=21.55 (n=75)
  [Lynn Vision] bo3 id=476 — fetch matches…
  [Lynn Vision] 76 matchs · 148 maps · overall365 avg=21.08 (n=145)
  [Ninjas in Pyjamas] bo3 id=7322 — fetch matches…
  [Ninjas in Pyjamas] 0 matchs · 0 maps · overall365 avg=null (n=0)
  [fnatic] bo3 id=786 — fetch matches…
  [fnatic] 83 matchs · 179 maps · overall365 avg=22.22 (n=176)
[bo3] OK — 28/30 teams → C:\Users\david\Documents\dev PariScore\ParisScorebis\data\bo3_map_rounds.json
