  ✓ leagues_config.json chargé (42 ligues)
  ✓ bsd_config.json chargé (23 ligues BSD, 19 fallback API-Football)
  ✓ SQLite initialisé (WAL mode) — C:\Users\david\Documents\dev PariScore\ParisScorebis\pariscore.db
  ✓ SQLite chargé (210 matchs, 522 équipes, 0 stats avancées)
  ✓ Historique SQLite chargé (5 matchs archivés)
  ✓ AI Cache SQLite chargé (0 analyses valides)

  ╔══════════════════════════════════════════════════════╗
  ║           PariScore v2.0 — Backend API              ║
  ╠══════════════════════════════════════════════════════╣
  ║  Serveur      → http://localhost:3000               ║
  ║  API          → /api/v1/matches                     ║
  ║  Status       → /api/v1/status                      ║
  ╠══════════════════════════════════════════════════════╣
  ║  Cron Odds    → toutes les 12h                      ║
  ║  Cron Stats   → T1 6h / T2 12h (par ligue)         ║
  ║  Cron Archive → toutes les 4h                       ║
  ╚══════════════════════════════════════════════════════╝

  [Boot] Premier chargement des données…
  [Boot] 🗄️ Cache API: 27 entrées (odds_api:27)
  [Boot] Odds OK — 210 matchs en cache (2h)
  [Boot] Stats: 18 nouvelles ligues détectées → refresh forcé

════════════════════════════════════════════════════════════
  [Cron:Stats] Mise à jour des stats équipes…
  [Cron:Stats] Phase 1: BSD standings (ligues couvertes)…
  [BSD] Ligue 2 → OK (82 équipes)
  [BSD] Ligue 3 → OK (77 équipes)
  [BSD] Ligue 39 → OK (20 équipes)
  [BSD] Ligue 40 → OK (24 équipes)
  [BSD] Ligue 61 → OK (18 équipes)
  [BSD] Ligue 71 → OK (20 équipes)
  [BSD] Ligue 78 → OK (18 équipes)
  [BSD] Ligue 88 → OK (22 équipes)
  [BSD] Ligue 94 → OK (18 équipes)
  [BSD] Ligue 113 → OK (16 équipes)
  [BSD] Ligue 135 → OK (20 équipes)
  [BSD] Ligue 140 → OK (20 équipes)
  [BSD] Ligue 144 → OK (20 équipes)
  [BSD] Ligue 188 → OK (12 équipes)
  [BSD] Ligue 203 → OK (18 équipes)
  [BSD] Ligue 207 → OK (12 équipes)
  [BSD] Ligue 218 → OK (18 équipes)
  [BSD] Ligue 253 → OK (30 équipes)
  [BSD] Ligue 307 → OK (18 équipes)
  [BSD] Ligue 318 → OK (14 équipes)
  [BSD] Phase 1 terminée: 497 équipes
  [Cron:Stats] Phase 2: API-Football fallback (19 ligues)…
  [Fallback] Phase 2 terminée: 0 équipes
  [Cron:Stats] ✓ 497 équipes mises à jour (BSD: 497, Fallback: 0)
════════════════════════════════════════════════════════════
  [Cron:Odds] ⚡ Données en cache (TTL valide) — skip API

  ✓ Prêt — 210 matchs disponibles

  [BSD Live] 8 matchs live détectés
  [BSD Live] 8 matchs live détectés
  [BSD Live] 8 matchs live détectés
  [BSD Live] 8 matchs live détectés
  [BSD Live] 8 matchs live détectés
  [BSD Live] 8 matchs live détectés
  [BSD Live] 7 matchs live détectés
  [BSD Live] 7 matchs live détectés
  [BSD Live] 7 matchs live détectés
  [BSD Live] 7 matchs live détectés
  [BSD Live] 7 matchs live détectés
  [BSD Live] 7 matchs live détectés
  [BSD Live] 7 matchs live détectés
  [BSD Live] 7 matchs live détectés
  [BSD Live] 5 matchs live détectés
  [BSD Live] 4 matchs live détectés
  [BSD Live] 4 matchs live détectés
  [BSD Live] 4 matchs live détectés
  [BSD Live] 4 matchs live détectés
