2026-05-27 21:49:01 [ERROR] sps_updater: Cannot fetch upcoming matches: Cannot fetch upcoming matches: <urlopen error [WinError 10061] Aucune connexion n’a pu être établie car l’ordinateur cible l’a expressément refusée>
2026-05-27 21:51:47 [WARNING] sps_updater: Non-numeric player_id 'non-numeric-id' — aggregate empty.
2026-05-27 22:10:48 [ERROR] sps_updater: Cannot fetch upcoming matches: Cannot fetch upcoming matches: <urlopen error [WinError 10061] Aucune connexion n’a pu être établie car l’ordinateur cible l’a expressément refusée>
2026-05-27 22:12:55 [ERROR] sps_updater: Cannot fetch upcoming matches: Cannot fetch upcoming matches: <urlopen error [WinError 10061] Aucune connexion n’a pu être établie car l’ordinateur cible l’a expressément refusée>
2026-05-27 22:12:55 [INFO] sps_updater: Fetched 0 upcoming matches.
2026-05-27 22:12:56 [INFO] sps_updater: Fetched 1 upcoming matches. [DRY-RUN]
2026-05-27 22:12:56 [INFO] sps_updater: [DRY-RUN] Skipping 2 pending upserts (would have been written).
2026-05-27 22:12:56 [INFO] sps_updater: [DRY-RUN] match=m1 player=1 sps=42.50 conf=False matches=0
2026-05-27 22:12:56 [INFO] sps_updater: [DRY-RUN] match=m1 player=2 sps=42.50 conf=False matches=0
2026-05-27 22:12:56 [INFO] sps_updater: Pipeline done in 0.04s — matches=1 players_ok=2 skipped=0 errors=0 written=0
2026-05-27 22:12:58 [ERROR] sps_updater: Cannot fetch upcoming matches: Cannot fetch upcoming matches: <urlopen error [WinError 10061] Aucune connexion n’a pu être établie car l’ordinateur cible l’a expressément refusée>
2026-05-27 22:14:13 [ERROR] sps_updater: Cannot fetch upcoming matches: Cannot fetch upcoming matches: <urlopen error [WinError 10061] Aucune connexion n’a pu être établie car l’ordinateur cible l’a expressément refusée>
2026-05-27 22:14:13 [INFO] sps_updater: Fetched 0 upcoming matches.
2026-05-27 22:14:14 [INFO] sps_updater: Fetched 1 upcoming matches. [DRY-RUN]
2026-05-27 22:14:14 [INFO] sps_updater: [DRY-RUN] Skipping 2 pending upserts (would have been written).
2026-05-27 22:14:14 [INFO] sps_updater: [DRY-RUN] match=m1 player=1 sps=42.50 conf=False matches=0
2026-05-27 22:14:14 [INFO] sps_updater: [DRY-RUN] match=m1 player=2 sps=42.50 conf=False matches=0
2026-05-27 22:14:14 [INFO] sps_updater: Pipeline done in 0.03s — matches=1 players_ok=2 skipped=0 errors=0 written=0
2026-05-27 22:14:16 [ERROR] sps_updater: Cannot fetch upcoming matches: Cannot fetch upcoming matches: <urlopen error [WinError 10061] Aucune connexion n’a pu être établie car l’ordinateur cible l’a expressément refusée>
2026-05-27 22:32:42 [ERROR] sps_updater: Cannot fetch upcoming matches: Cannot fetch upcoming matches: <urlopen error [WinError 10061] Aucune connexion n’a pu être établie car l’ordinateur cible l’a expressément refusée>
2026-05-27 22:32:42 [INFO] sps_updater: Fetched 0 upcoming matches.
2026-05-27 22:32:42 [INFO] sps_updater: Fetched 1 upcoming matches. [DRY-RUN]
2026-05-27 22:32:42 [INFO] sps_updater: [DRY-RUN] Skipping 2 pending upserts (would have been written).
2026-05-27 22:32:42 [INFO] sps_updater: [DRY-RUN] match=m1 player=1 sps=42.50 conf=False matches=0
2026-05-27 22:32:42 [INFO] sps_updater: [DRY-RUN] match=m1 player=2 sps=42.50 conf=False matches=0
2026-05-27 22:32:42 [INFO] sps_updater: Pipeline done in 0.03s — matches=1 players_ok=2 skipped=0 errors=0 written=0
2026-05-27 22:32:45 [ERROR] sps_updater: Cannot fetch upcoming matches: Cannot fetch upcoming matches: <urlopen error [WinError 10061] Aucune connexion n’a pu être établie car l’ordinateur cible l’a expressément refusée>
2026-05-27 22:43:00 [INFO] sps_updater: === SPS updater start === db=pariscore.db api=http://127.0.0.1:3093/api/v1/tennis/upcoming?lookahead_min_h=0&lookahead_max_h=72
2026-05-27 22:43:00 [INFO] sps_updater: Fetched 0 upcoming matches. [DRY-RUN]
2026-05-27 22:43:00 [INFO] sps_updater: Summary: matches=0 ok=0 skipped=0 errors=0
2026-05-27 22:43:33 [ERROR] sps_updater: Cannot fetch upcoming matches: Cannot fetch upcoming matches: <urlopen error [WinError 10061] Aucune connexion n’a pu être établie car l’ordinateur cible l’a expressément refusée>
2026-05-27 22:43:33 [INFO] sps_updater: Fetched 0 upcoming matches.
2026-05-27 22:43:34 [INFO] sps_updater: Fetched 1 upcoming matches. [DRY-RUN]
2026-05-27 22:43:34 [INFO] sps_updater: [DRY-RUN] Skipping 2 pending upserts (would have been written).
2026-05-27 22:43:34 [INFO] sps_updater: [DRY-RUN] match=m1 player=1 sps=42.50 conf=False matches=0
2026-05-27 22:43:34 [INFO] sps_updater: [DRY-RUN] match=m1 player=2 sps=42.50 conf=False matches=0
2026-05-27 22:43:34 [INFO] sps_updater: Pipeline done in 0.05s — matches=1 players_ok=2 skipped=0 errors=0 written=0
2026-05-27 22:43:37 [ERROR] sps_updater: Cannot fetch upcoming matches: Cannot fetch upcoming matches: <urlopen error [WinError 10061] Aucune connexion n’a pu être établie car l’ordinateur cible l’a expressément refusée>
2026-05-27 23:14:18 [ERROR] sps_updater: Cannot fetch upcoming matches: Cannot fetch upcoming matches: <urlopen error [WinError 10061] Aucune connexion n’a pu être établie car l’ordinateur cible l’a expressément refusée>
2026-05-27 23:14:18 [INFO] sps_updater: Fetched 0 upcoming matches.
2026-05-27 23:14:19 [INFO] sps_updater: Fetched 1 upcoming matches. [DRY-RUN]
2026-05-27 23:14:19 [INFO] sps_updater: [DRY-RUN] Skipping 2 pending upserts (would have been written).
2026-05-27 23:14:19 [INFO] sps_updater: [DRY-RUN] match=m1 player=1 sps=42.50 conf=False matches=0
2026-05-27 23:14:19 [INFO] sps_updater: [DRY-RUN] match=m1 player=2 sps=42.50 conf=False matches=0
2026-05-27 23:14:19 [INFO] sps_updater: Pipeline done in 0.03s — matches=1 players_ok=2 skipped=0 errors=0 written=0
2026-05-27 23:14:21 [ERROR] sps_updater: Cannot fetch upcoming matches: Cannot fetch upcoming matches: <urlopen error [WinError 10061] Aucune connexion n’a pu être établie car l’ordinateur cible l’a expressément refusée>
2026-05-27 23:25:14 [ERROR] sps_updater: Cannot fetch upcoming matches: Cannot fetch upcoming matches: <urlopen error [WinError 10061] Aucune connexion n’a pu être établie car l’ordinateur cible l’a expressément refusée>
2026-05-27 23:25:14 [INFO] sps_updater: Fetched 0 upcoming matches.
2026-05-27 23:25:14 [INFO] sps_updater: Fetched 1 upcoming matches. [DRY-RUN]
2026-05-27 23:25:14 [INFO] sps_updater: [DRY-RUN] Skipping 2 pending upserts (would have been written).
2026-05-27 23:25:14 [INFO] sps_updater: [DRY-RUN] match=m1 player=1 sps=42.50 conf=False matches=0
2026-05-27 23:25:14 [INFO] sps_updater: [DRY-RUN] match=m1 player=2 sps=42.50 conf=False matches=0
2026-05-27 23:25:14 [INFO] sps_updater: Pipeline done in 0.03s — matches=1 players_ok=2 skipped=0 errors=0 written=0
2026-05-27 23:25:17 [ERROR] sps_updater: Cannot fetch upcoming matches: Cannot fetch upcoming matches: <urlopen error [WinError 10061] Aucune connexion n’a pu être établie car l’ordinateur cible l’a expressément refusée>
2026-05-27 23:41:48 [ERROR] sps_updater: Cannot fetch upcoming matches: Cannot fetch upcoming matches: <urlopen error [WinError 10061] Aucune connexion n’a pu être établie car l’ordinateur cible l’a expressément refusée>
2026-05-27 23:41:48 [INFO] sps_updater: Fetched 0 upcoming matches.
2026-05-27 23:41:49 [INFO] sps_updater: Fetched 1 upcoming matches. [DRY-RUN]
2026-05-27 23:41:49 [INFO] sps_updater: [DRY-RUN] Skipping 2 pending upserts (would have been written).
2026-05-27 23:41:49 [INFO] sps_updater: [DRY-RUN] match=m1 player=1 sps=42.50 conf=False matches=0
2026-05-27 23:41:49 [INFO] sps_updater: [DRY-RUN] match=m1 player=2 sps=42.50 conf=False matches=0
2026-05-27 23:41:49 [INFO] sps_updater: Pipeline done in 0.03s — matches=1 players_ok=2 skipped=0 errors=0 written=0
2026-05-27 23:41:52 [ERROR] sps_updater: Cannot fetch upcoming matches: Cannot fetch upcoming matches: <urlopen error [WinError 10061] Aucune connexion n’a pu être établie car l’ordinateur cible l’a expressément refusée>
2026-05-27 23:42:45 [ERROR] sps_updater: Cannot fetch upcoming matches: Cannot fetch upcoming matches: <urlopen error [WinError 10061] Aucune connexion n’a pu être établie car l’ordinateur cible l’a expressément refusée>
2026-05-27 23:42:45 [INFO] sps_updater: Fetched 0 upcoming matches.
2026-05-27 23:42:46 [INFO] sps_updater: Fetched 1 upcoming matches. [DRY-RUN]
2026-05-27 23:42:46 [INFO] sps_updater: [DRY-RUN] Skipping 2 pending upserts (would have been written).
2026-05-27 23:42:46 [INFO] sps_updater: [DRY-RUN] match=m1 player=1 sps=42.50 conf=False matches=0
2026-05-27 23:42:46 [INFO] sps_updater: [DRY-RUN] match=m1 player=2 sps=42.50 conf=False matches=0
2026-05-27 23:42:46 [INFO] sps_updater: Pipeline done in 0.03s — matches=1 players_ok=2 skipped=0 errors=0 written=0
2026-05-27 23:42:48 [ERROR] sps_updater: Cannot fetch upcoming matches: Cannot fetch upcoming matches: <urlopen error [WinError 10061] Aucune connexion n’a pu être établie car l’ordinateur cible l’a expressément refusée>
2026-05-27 23:43:47 [ERROR] sps_updater: Cannot fetch upcoming matches: Cannot fetch upcoming matches: <urlopen error [WinError 10061] Aucune connexion n’a pu être établie car l’ordinateur cible l’a expressément refusée>
2026-05-27 23:43:47 [INFO] sps_updater: Fetched 0 upcoming matches.
2026-05-27 23:43:48 [INFO] sps_updater: Fetched 1 upcoming matches. [DRY-RUN]
2026-05-27 23:43:48 [INFO] sps_updater: [DRY-RUN] Skipping 2 pending upserts (would have been written).
2026-05-27 23:43:48 [INFO] sps_updater: [DRY-RUN] match=m1 player=1 sps=42.50 conf=False matches=0
2026-05-27 23:43:48 [INFO] sps_updater: [DRY-RUN] match=m1 player=2 sps=42.50 conf=False matches=0
2026-05-27 23:43:48 [INFO] sps_updater: Pipeline done in 0.05s — matches=1 players_ok=2 skipped=0 errors=0 written=0
2026-05-27 23:43:51 [ERROR] sps_updater: Cannot fetch upcoming matches: Cannot fetch upcoming matches: <urlopen error [WinError 10061] Aucune connexion n’a pu être établie car l’ordinateur cible l’a expressément refusée>
2026-05-27 23:46:40 [ERROR] sps_updater: Cannot fetch upcoming matches: Cannot fetch upcoming matches: <urlopen error [WinError 10061] Aucune connexion n’a pu être établie car l’ordinateur cible l’a expressément refusée>
2026-05-27 23:46:40 [INFO] sps_updater: Fetched 0 upcoming matches.
2026-05-27 23:46:40 [INFO] sps_updater: Fetched 1 upcoming matches. [DRY-RUN]
2026-05-27 23:46:40 [INFO] sps_updater: [DRY-RUN] Skipping 2 pending upserts (would have been written).
2026-05-27 23:46:40 [INFO] sps_updater: [DRY-RUN] match=m1 player=1 sps=42.50 conf=False matches=0
2026-05-27 23:46:40 [INFO] sps_updater: [DRY-RUN] match=m1 player=2 sps=42.50 conf=False matches=0
2026-05-27 23:46:40 [INFO] sps_updater: Pipeline done in 0.05s — matches=1 players_ok=2 skipped=0 errors=0 written=0
2026-05-27 23:46:43 [ERROR] sps_updater: Cannot fetch upcoming matches: Cannot fetch upcoming matches: <urlopen error [WinError 10061] Aucune connexion n’a pu être établie car l’ordinateur cible l’a expressément refusée>
2026-05-27 23:50:25 [INFO] sps_updater: Fetched 0 upcoming matches.
2026-05-27 23:57:54 [ERROR] sps_updater: Cannot fetch upcoming matches: Cannot fetch upcoming matches: <urlopen error [WinError 10061] Aucune connexion n’a pu être établie car l’ordinateur cible l’a expressément refusée>
2026-05-27 23:57:54 [INFO] sps_updater: Fetched 0 upcoming matches.
2026-05-27 23:57:55 [INFO] sps_updater: Fetched 1 upcoming matches. [DRY-RUN]
2026-05-27 23:57:55 [INFO] sps_updater: [DRY-RUN] Skipping 2 pending upserts (would have been written).
2026-05-27 23:57:55 [INFO] sps_updater: [DRY-RUN] match=m1 player=1 sps=42.50 conf=False matches=0
2026-05-27 23:57:55 [INFO] sps_updater: [DRY-RUN] match=m1 player=2 sps=42.50 conf=False matches=0
2026-05-27 23:57:55 [INFO] sps_updater: Pipeline done in 0.04s — matches=1 players_ok=2 skipped=0 errors=0 written=0
2026-05-27 23:57:57 [ERROR] sps_updater: Cannot fetch upcoming matches: Cannot fetch upcoming matches: <urlopen error [WinError 10061] Aucune connexion n’a pu être établie car l’ordinateur cible l’a expressément refusée>
